<?xml version="1.0" encoding="UTF-8"?>
<robot generator="Robot 7.1.1 (Python 3.12.3 on win32)" generated="2024-10-22T20:59:16.597506" rpa="false" schemaversion="5">
<suite id="s1" name="Qa Cldelacruz" source="C:\development\python\qa_cldelacruz">
<suite id="s1-s1" name="Tests" source="C:\development\python\qa_cldelacruz\Tests">
<suite id="s1-s1-s1" name="Test" source="C:\development\python\qa_cldelacruz\Tests\test.robot">
<kw name="Launch Browser" type="SETUP">
<kw name="Set Variable" owner="BuiltIn">
<msg time="2024-10-22T20:59:17.596505" level="INFO">${options} = add_argument("--start-maximized")</msg>
<var>${options}</var>
<arg>add_argument("--start-maximized")</arg>
<doc>Returns the given values which can then be assigned to a variables.</doc>
<status status="PASS" start="2024-10-22T20:59:17.596505" elapsed="0.000000"/>
</kw>
<kw name="Open Browser" owner="SeleniumLibrary">
<msg time="2024-10-22T20:59:17.597664" level="INFO">Opening browser 'chrome' to base url 'https://marmelab.com/react-admin-demo' through remote server at '192.168.254.100:4444'.</msg>
<arg>${url}</arg>
<arg>chrome</arg>
<arg>remote_url=192.168.254.100:4444</arg>
<arg>options=${options}</arg>
<doc>Opens a new browser instance to the optional ``url``.</doc>
<status status="PASS" start="2024-10-22T20:59:17.597664" elapsed="3.018338"/>
</kw>
<status status="PASS" start="2024-10-22T20:59:17.595506" elapsed="3.021491"/>
</kw>
<test id="s1-s1-s1-t1" name="TEST CASE NO. 1" line="13">
<kw name="Fetch Data">
<kw name="Get Users Via Api" owner="Users">
<msg time="2024-10-22T20:59:33.143049" level="INFO">C:\Users\Asus\AppData\Local\Programs\Python\Python312\Lib\site-packages\urllib3\connectionpool.py:1099: InsecureRequestWarning: Unverified HTTPS request is being made to host 'jsonplaceholder.typicode.com'. Adding certificate verification is strongly advised. See: https://urllib3.readthedocs.io/en/latest/advanced-usage.html#tls-warnings
  warnings.warn(
C:\Users\Asus\AppData\Local\Programs\Python\Python312\Lib\site-packages\urllib3\connectionpool.py:1099: InsecureRequestWarning: Unverified HTTPS request is being made to host 'random-word-api.herokuapp.com'. Adding certificate verification is strongly advised. See: https://urllib3.readthedocs.io/en/latest/advanced-usage.html#tls-warnings
  warnings.warn(
C:\Users\Asus\AppData\Local\Programs\Python\Python312\Lib\site-packages\urllib3\connectionpool.py:1099: InsecureRequestWarning: Unverified HTTPS request is being made to host 'random-word-api.herokuapp.com'. Adding certificate verification is strongly advised. See: https://urllib3.readthedocs.io/en/latest/advanced-usage.html#tls-warnings
  warnings.warn(
C:\Users\Asus\AppData\Local\Programs\Python\Python312\Lib\site-packages\urllib3\connectionpool.py:1099: InsecureRequestWarning: Unverified HTTPS request is being made to host 'random-word-api.herokuapp.com'. Adding certificate verification is strongly advised. See: https://urllib3.readthedocs.io/en/latest/advanced-usage.html#tls-warnings
  warnings.warn(
C:\Users\Asus\AppData\Local\Programs\Python\Python312\Lib\site-packages\urllib3\connectionpool.py:1099: InsecureRequestWarning: Unverified HTTPS request is being made to host 'random-word-api.herokuapp.com'. Adding certificate verification is strongly advised. See: https://urllib3.readthedocs.io/en/latest/advanced-usage.html#tls-warnings
  warnings.warn(
C:\Users\Asus\AppData\Local\Programs\Python\Python312\Lib\site-packages\urllib3\connectionpool.py:1099: InsecureRequestWarning: Unverified HTTPS request is being made to host 'random-word-api.herokuapp.com'. Adding certificate verification is strongly advised. See: https://urllib3.readthedocs.io/en/latest/advanced-usage.html#tls-warnings
  warnings.warn(
C:\Users\Asus\AppData\Local\Programs\Python\Python312\Lib\site-packages\urllib3\connectionpool.py:1099: InsecureRequestWarning: Unverified HTTPS request is being made to host 'random-word-api.herokuapp.com'. Adding certificate verification is strongly advised. See: https://urllib3.readthedocs.io/en/latest/advanced-usage.html#tls-warnings
  warnings.warn(
C:\Users\Asus\AppData\Local\Programs\Python\Python312\Lib\site-packages\urllib3\connectionpool.py:1099: InsecureRequestWarning: Unverified HTTPS request is being made to host 'random-word-api.herokuapp.com'. Adding certificate verification is strongly advised. See: https://urllib3.readthedocs.io/en/latest/advanced-usage.html#tls-warnings
  warnings.warn(
C:\Users\Asus\AppData\Local\Programs\Python\Python312\Lib\site-packages\urllib3\connectionpool.py:1099: InsecureRequestWarning: Unverified HTTPS request is being made to host 'random-word-api.herokuapp.com'. Adding certificate verification is strongly advised. See: https://urllib3.readthedocs.io/en/latest/advanced-usage.html#tls-warnings
  warnings.warn(
C:\Users\Asus\AppData\Local\Programs\Python\Python312\Lib\site-packages\urllib3\connectionpool.py:1099: InsecureRequestWarning: Unverified HTTPS request is being made to host 'random-word-api.herokuapp.com'. Adding certificate verification is strongly advised. See: https://urllib3.readthedocs.io/en/latest/advanced-usage.html#tls-warnings
  warnings.warn(
C:\Users\Asus\AppData\Local\Programs\Python\Python312\Lib\site-packages\urllib3\connectionpool.py:1099: InsecureRequestWarning: Unverified HTTPS request is being made to host 'random-word-api.herokuapp.com'. Adding certificate verification is strongly advised. See: https://urllib3.readthedocs.io/en/latest/advanced-usage.html#tls-warnings
  warnings.warn(</msg>
<msg time="2024-10-22T20:59:33.147158" level="INFO">${users} = [{'id': 1, 'name': 'Leanne Graham', 'username': 'Bret', 'email': 'Sincere@april.biz', 'address': {'street': 'Kulas Light', 'suite': 'Apt. 556', 'city': 'Gwenborough', 'zipcode': '92998-3874', 'geo': {...</msg>
<var>${users}</var>
<status status="PASS" start="2024-10-22T20:59:20.619999" elapsed="12.527159"/>
</kw>
<kw name="Set Suite Variable" owner="BuiltIn">
<msg time="2024-10-22T20:59:33.148156" level="INFO">${USERS} = [{'id': 1, 'name': 'Leanne Graham', 'username': 'Bret', 'email': 'Sincere@april.biz', 'address': {'street': 'Kulas Light', 'suite': 'Apt. 556', 'city': 'Gwenborough', 'zipcode': '92998-3874', 'geo': {...</msg>
<arg>${USERS}</arg>
<arg>${users}</arg>
<doc>Makes a variable available everywhere within the scope of the current suite.</doc>
<status status="PASS" start="2024-10-22T20:59:33.147158" elapsed="0.000998"/>
</kw>
<kw name="Get Length" owner="BuiltIn">
<msg time="2024-10-22T20:59:33.148156" level="INFO">Length is 10.</msg>
<msg time="2024-10-22T20:59:33.148156" level="INFO">${num_of_users} = 10</msg>
<var>${num_of_users}</var>
<arg>${USERS}</arg>
<doc>Returns and logs the length of the given item as an integer.</doc>
<status status="PASS" start="2024-10-22T20:59:33.148156" elapsed="0.000000"/>
</kw>
<kw name="Log To Console" owner="BuiltIn">
<arg>Fetched ${num_of_users} users from the API</arg>
<doc>Logs the given message to the console.</doc>
<status status="PASS" start="2024-10-22T20:59:33.149156" elapsed="0.000000"/>
</kw>
<status status="PASS" start="2024-10-22T20:59:20.618999" elapsed="12.530157"/>
</kw>
<kw name="Sleep" owner="BuiltIn">
<msg time="2024-10-22T20:59:35.150651" level="INFO">Slept 2 seconds.</msg>
<arg>2s</arg>
<doc>Pauses the test executed for the given time.</doc>
<status status="PASS" start="2024-10-22T20:59:33.150156" elapsed="2.000495"/>
</kw>
<kw name="Login User">
<kw name="Wait Until Element Is Visible" owner="SeleniumLibrary">
<arg>//button</arg>
<doc>Waits until the element ``locator`` is visible.</doc>
<status status="PASS" start="2024-10-22T20:59:35.150651" elapsed="0.030575"/>
</kw>
<kw name="Input Text">
<kw name="Input Text" owner="SeleniumLibrary">
<msg time="2024-10-22T20:59:35.182226" level="INFO">Typing text 'demo' into text field 'name:username'.</msg>
<arg>${locator}</arg>
<arg>${text}</arg>
<doc>Types the given ``text`` into the text field identified by ``locator``.</doc>
<status status="PASS" start="2024-10-22T20:59:35.181226" elapsed="0.098261"/>
</kw>
<kw name="Sleep" owner="BuiltIn">
<msg time="2024-10-22T20:59:36.280236" level="INFO">Slept 1 second.</msg>
<arg>1s</arg>
<doc>Pauses the test executed for the given time.</doc>
<status status="PASS" start="2024-10-22T20:59:35.279487" elapsed="1.000749"/>
</kw>
<arg>name:username</arg>
<arg>${user}</arg>
<status status="PASS" start="2024-10-22T20:59:35.181226" elapsed="1.099010"/>
</kw>
<kw name="Input Text">
<kw name="Input Text" owner="SeleniumLibrary">
<msg time="2024-10-22T20:59:36.280236" level="INFO">Typing text 'demo' into text field 'name:password'.</msg>
<arg>${locator}</arg>
<arg>${text}</arg>
<doc>Types the given ``text`` into the text field identified by ``locator``.</doc>
<status status="PASS" start="2024-10-22T20:59:36.280236" elapsed="0.090549"/>
</kw>
<kw name="Sleep" owner="BuiltIn">
<msg time="2024-10-22T20:59:37.371140" level="INFO">Slept 1 second.</msg>
<arg>1s</arg>
<doc>Pauses the test executed for the given time.</doc>
<status status="PASS" start="2024-10-22T20:59:36.370785" elapsed="1.000355"/>
</kw>
<arg>name:password</arg>
<arg>${password}</arg>
<status status="PASS" start="2024-10-22T20:59:36.280236" elapsed="1.090904"/>
</kw>
<kw name="Click Button" owner="SeleniumLibrary">
<msg time="2024-10-22T20:59:37.371140" level="INFO">Clicking button '//button'.</msg>
<arg>//button</arg>
<doc>Clicks the button identified by ``locator``.</doc>
<status status="PASS" start="2024-10-22T20:59:37.371140" elapsed="0.200677"/>
</kw>
<arg>demo</arg>
<arg>demo</arg>
<status status="PASS" start="2024-10-22T20:59:35.150651" elapsed="2.421166"/>
</kw>
<kw name="Add All Users">
<kw name="Create List" owner="BuiltIn">
<msg time="2024-10-22T20:59:37.573816" level="INFO">${added_names_list} = []</msg>
<var>${added_names_list}</var>
<doc>Returns a list containing given items.</doc>
<status status="PASS" start="2024-10-22T20:59:37.572818" elapsed="0.000998"/>
</kw>
<for flavor="IN">
<iter>
<kw name="Go To Link">
<kw name="Click Element" owner="SeleniumLibrary">
<msg time="2024-10-22T20:59:37.574817" level="INFO">Clicking element '//a[text()="Customers"]'.</msg>
<arg>//a[text()="${text}"]</arg>
<doc>Click the element identified by ``locator``.</doc>
<status status="PASS" start="2024-10-22T20:59:37.574817" elapsed="0.189060"/>
</kw>
<kw name="Wait Until Element Is Visible" owner="SeleniumLibrary">
<arg>//tbody//tr</arg>
<doc>Waits until the element ``locator`` is visible.</doc>
<status status="PASS" start="2024-10-22T20:59:37.763877" elapsed="0.729600"/>
</kw>
<arg>Customers</arg>
<status status="PASS" start="2024-10-22T20:59:37.573816" elapsed="0.919661"/>
</kw>
<kw name="Open Add Identity Modal">
<kw name="Click Element" owner="SeleniumLibrary">
<msg time="2024-10-22T20:59:38.495099" level="INFO">Clicking element '//a[@aria-label="Create"]'.</msg>
<arg>//a[@aria-label="Create"]</arg>
<doc>Click the element identified by ``locator``.</doc>
<status status="PASS" start="2024-10-22T20:59:38.494478" elapsed="0.143149"/>
</kw>
<kw name="Wait Until Element Is Visible" owner="SeleniumLibrary">
<arg>${identity_txt_firstName}</arg>
<arg>timeout=40s</arg>
<doc>Waits until the element ``locator`` is visible.</doc>
<status status="PASS" start="2024-10-22T20:59:38.637627" elapsed="0.017488"/>
</kw>
<status status="PASS" start="2024-10-22T20:59:38.494478" elapsed="0.161638"/>
</kw>
<kw name="Add User">
<kw name="Set Variable" owner="BuiltIn">
<msg time="2024-10-22T20:59:38.657113" level="INFO">${name} = Leanne Graham</msg>
<var>${name}</var>
<arg>${user['name']}</arg>
<doc>Returns the given values which can then be assigned to a variables.</doc>
<status status="PASS" start="2024-10-22T20:59:38.656116" elapsed="0.000997"/>
</kw>
<kw name="Evaluate" owner="BuiltIn">
<msg time="2024-10-22T20:59:38.657113" level="INFO">${firstName} = Leanne</msg>
<var>${firstName}</var>
<arg>" ".join("${name}".split()[:-1]).strip()</arg>
<doc>Evaluates the given expression in Python and returns the result.</doc>
<status status="PASS" start="2024-10-22T20:59:38.657113" elapsed="0.000000"/>
</kw>
<kw name="Evaluate" owner="BuiltIn">
<msg time="2024-10-22T20:59:38.657113" level="INFO">${lastName} = Graham</msg>
<var>${lastName}</var>
<arg>" ".join("${name}".split()[-1:]).strip()</arg>
<doc>Evaluates the given expression in Python and returns the result.</doc>
<status status="PASS" start="2024-10-22T20:59:38.657113" elapsed="0.000000"/>
</kw>
<kw name="Set Variable" owner="BuiltIn">
<msg time="2024-10-22T20:59:38.658113" level="INFO">${email} = Sincere@april.biz</msg>
<var>${email}</var>
<arg>${user['email']}</arg>
<doc>Returns the given values which can then be assigned to a variables.</doc>
<status status="PASS" start="2024-10-22T20:59:38.658113" elapsed="0.000000"/>
</kw>
<kw name="Set Variable" owner="BuiltIn">
<msg time="2024-10-22T20:59:38.659113" level="INFO">${birthday} = 05/12/2019</msg>
<var>${birthday}</var>
<arg>${user['birthday']}</arg>
<doc>Returns the given values which can then be assigned to a variables.</doc>
<status status="PASS" start="2024-10-22T20:59:38.658113" elapsed="0.001000"/>
</kw>
<kw name="Set Variable" owner="BuiltIn">
<msg time="2024-10-22T20:59:38.659113" level="INFO">${address} = Kulas Light</msg>
<var>${address}</var>
<arg>${user['address']['street']}</arg>
<doc>Returns the given values which can then be assigned to a variables.</doc>
<status status="PASS" start="2024-10-22T20:59:38.659113" elapsed="0.000000"/>
</kw>
<kw name="Set Variable" owner="BuiltIn">
<msg time="2024-10-22T20:59:38.660116" level="INFO">${city} = Gwenborough</msg>
<var>${city}</var>
<arg>${user['address']['city']}</arg>
<doc>Returns the given values which can then be assigned to a variables.</doc>
<status status="PASS" start="2024-10-22T20:59:38.660116" elapsed="0.000000"/>
</kw>
<kw name="Set Variable" owner="BuiltIn">
<msg time="2024-10-22T20:59:38.661115" level="INFO">${stateAbbr} = Pasquils</msg>
<var>${stateAbbr}</var>
<arg>${user['address']['state']}</arg>
<doc>Returns the given values which can then be assigned to a variables.</doc>
<status status="PASS" start="2024-10-22T20:59:38.660116" elapsed="0.000999"/>
</kw>
<kw name="Set Variable" owner="BuiltIn">
<msg time="2024-10-22T20:59:38.661627" level="INFO">${zipcode} = 92998-3874</msg>
<var>${zipcode}</var>
<arg>${user['address']['zipcode']}</arg>
<doc>Returns the given values which can then be assigned to a variables.</doc>
<status status="PASS" start="2024-10-22T20:59:38.661115" elapsed="0.000512"/>
</kw>
<kw name="Generate Password" owner="Users">
<msg time="2024-10-22T20:59:38.661627" level="INFO">${password} = y9dILu6b8vxvZ2InZcQS</msg>
<var>${password}</var>
<status status="PASS" start="2024-10-22T20:59:38.661627" elapsed="0.000000"/>
</kw>
<kw name="Input Text">
<kw name="Input Text" owner="SeleniumLibrary">
<msg time="2024-10-22T20:59:38.661627" level="INFO">Typing text 'Leanne' into text field '//input[@name='first_name']'.</msg>
<arg>${locator}</arg>
<arg>${text}</arg>
<doc>Types the given ``text`` into the text field identified by ``locator``.</doc>
<status status="PASS" start="2024-10-22T20:59:38.661627" elapsed="0.100349"/>
</kw>
<kw name="Sleep" owner="BuiltIn">
<msg time="2024-10-22T20:59:39.762404" level="INFO">Slept 1 second.</msg>
<arg>1s</arg>
<doc>Pauses the test executed for the given time.</doc>
<status status="PASS" start="2024-10-22T20:59:38.761976" elapsed="1.000428"/>
</kw>
<arg>${identity_txt_firstName}</arg>
<arg>${firstName}</arg>
<status status="PASS" start="2024-10-22T20:59:38.661627" elapsed="1.100777"/>
</kw>
<kw name="Input Text">
<kw name="Input Text" owner="SeleniumLibrary">
<msg time="2024-10-22T20:59:39.762404" level="INFO">Typing text 'Graham' into text field '//input[@name='last_name']'.</msg>
<arg>${locator}</arg>
<arg>${text}</arg>
<doc>Types the given ``text`` into the text field identified by ``locator``.</doc>
<status status="PASS" start="2024-10-22T20:59:39.762404" elapsed="0.100101"/>
</kw>
<kw name="Sleep" owner="BuiltIn">
<msg time="2024-10-22T20:59:40.862979" level="INFO">Slept 1 second.</msg>
<arg>1s</arg>
<doc>Pauses the test executed for the given time.</doc>
<status status="PASS" start="2024-10-22T20:59:39.862505" elapsed="1.000474"/>
</kw>
<arg>${identity_txt_lastName}</arg>
<arg>${lastName}</arg>
<status status="PASS" start="2024-10-22T20:59:39.762404" elapsed="1.100575"/>
</kw>
<kw name="Input Text">
<kw name="Input Text" owner="SeleniumLibrary">
<msg time="2024-10-22T20:59:40.862979" level="INFO">Typing text 'Sincere@april.biz' into text field '//input[@name='email']'.</msg>
<arg>${locator}</arg>
<arg>${text}</arg>
<doc>Types the given ``text`` into the text field identified by ``locator``.</doc>
<status status="PASS" start="2024-10-22T20:59:40.862979" elapsed="0.134541"/>
</kw>
<kw name="Sleep" owner="BuiltIn">
<msg time="2024-10-22T20:59:41.998067" level="INFO">Slept 1 second.</msg>
<arg>1s</arg>
<doc>Pauses the test executed for the given time.</doc>
<status status="PASS" start="2024-10-22T20:59:40.997520" elapsed="1.000547"/>
</kw>
<arg>${identity_txt_email}</arg>
<arg>${email}</arg>
<status status="PASS" start="2024-10-22T20:59:40.862979" elapsed="1.135088"/>
</kw>
<kw name="Input Date">
<kw name="Click Element At Coordinates" owner="SeleniumLibrary">
<msg time="2024-10-22T20:59:41.998067" level="INFO">Clicking element '//input[@type='date']' at coordinates x=0, y=0.</msg>
<arg>${locator}</arg>
<arg>0</arg>
<arg>0</arg>
<doc>Click the element ``locator`` at ``xoffset/yoffset``.</doc>
<status status="PASS" start="2024-10-22T20:59:41.998067" elapsed="0.538922"/>
</kw>
<kw name="Press Keys" owner="SeleniumLibrary">
<msg time="2024-10-22T20:59:42.536989" level="INFO">Sending key(s) ('05/12/2019',) to page.</msg>
<msg time="2024-10-22T20:59:42.536989" level="INFO">Sending keys 05/12/2019</msg>
<arg>None</arg>
<arg>${date}</arg>
<doc>Simulates the user pressing key(s) to an element or on the active browser.</doc>
<status status="PASS" start="2024-10-22T20:59:42.536989" elapsed="0.046484"/>
</kw>
<arg>${identity_txt_birthday}</arg>
<arg>${birthday}</arg>
<status status="PASS" start="2024-10-22T20:59:41.998067" elapsed="0.585406"/>
</kw>
<kw name="Input Text">
<kw name="Input Text" owner="SeleniumLibrary">
<msg time="2024-10-22T20:59:42.583473" level="INFO">Typing text 'Kulas Light' into text field '//textarea[@name='address']'.</msg>
<arg>${locator}</arg>
<arg>${text}</arg>
<doc>Types the given ``text`` into the text field identified by ``locator``.</doc>
<status status="PASS" start="2024-10-22T20:59:42.583473" elapsed="0.117013"/>
</kw>
<kw name="Sleep" owner="BuiltIn">
<msg time="2024-10-22T20:59:43.701054" level="INFO">Slept 1 second.</msg>
<arg>1s</arg>
<doc>Pauses the test executed for the given time.</doc>
<status status="PASS" start="2024-10-22T20:59:42.700486" elapsed="1.000568"/>
</kw>
<arg>${identity_txt_address}</arg>
<arg>${address}</arg>
<status status="PASS" start="2024-10-22T20:59:42.583473" elapsed="1.117581"/>
</kw>
<kw name="Input Text">
<kw name="Input Text" owner="SeleniumLibrary">
<msg time="2024-10-22T20:59:43.701054" level="INFO">Typing text 'Gwenborough' into text field '//input[@name='city']'.</msg>
<arg>${locator}</arg>
<arg>${text}</arg>
<doc>Types the given ``text`` into the text field identified by ``locator``.</doc>
<status status="PASS" start="2024-10-22T20:59:43.701054" elapsed="0.131526"/>
</kw>
<kw name="Sleep" owner="BuiltIn">
<msg time="2024-10-22T20:59:44.833038" level="INFO">Slept 1 second.</msg>
<arg>1s</arg>
<doc>Pauses the test executed for the given time.</doc>
<status status="PASS" start="2024-10-22T20:59:43.832580" elapsed="1.000458"/>
</kw>
<arg>${identity_txt_city}</arg>
<arg>${city}</arg>
<status status="PASS" start="2024-10-22T20:59:43.701054" elapsed="1.131984"/>
</kw>
<kw name="Input Text">
<kw name="Input Text" owner="SeleniumLibrary">
<msg time="2024-10-22T20:59:44.834040" level="INFO">Typing text 'Pasquils' into text field '//input[@name='stateAbbr']'.</msg>
<arg>${locator}</arg>
<arg>${text}</arg>
<doc>Types the given ``text`` into the text field identified by ``locator``.</doc>
<status status="PASS" start="2024-10-22T20:59:44.834040" elapsed="0.102868"/>
</kw>
<kw name="Sleep" owner="BuiltIn">
<msg time="2024-10-22T20:59:45.937503" level="INFO">Slept 1 second.</msg>
<arg>1s</arg>
<doc>Pauses the test executed for the given time.</doc>
<status status="PASS" start="2024-10-22T20:59:44.936908" elapsed="1.000595"/>
</kw>
<arg>${identity_txt_stateAbbr}</arg>
<arg>${stateAbbr}</arg>
<status status="PASS" start="2024-10-22T20:59:44.833038" elapsed="1.104465"/>
</kw>
<kw name="Input Text">
<kw name="Input Text" owner="SeleniumLibrary">
<msg time="2024-10-22T20:59:45.937503" level="INFO">Typing text '92998-3874' into text field '//input[@name='zipcode']'.</msg>
<arg>${locator}</arg>
<arg>${text}</arg>
<doc>Types the given ``text`` into the text field identified by ``locator``.</doc>
<status status="PASS" start="2024-10-22T20:59:45.937503" elapsed="0.108338"/>
</kw>
<kw name="Sleep" owner="BuiltIn">
<msg time="2024-10-22T20:59:47.047573" level="INFO">Slept 1 second.</msg>
<arg>1s</arg>
<doc>Pauses the test executed for the given time.</doc>
<status status="PASS" start="2024-10-22T20:59:46.046837" elapsed="1.000736"/>
</kw>
<arg>${identity_txt_zipcode}</arg>
<arg>${zipcode}</arg>
<status status="PASS" start="2024-10-22T20:59:45.937503" elapsed="1.110070"/>
</kw>
<kw name="Input Text">
<kw name="Input Text" owner="SeleniumLibrary">
<msg time="2024-10-22T20:59:47.047573" level="INFO">Typing text 'y9dILu6b8vxvZ2InZcQS' into text field '//input[@name='password']'.</msg>
<arg>${locator}</arg>
<arg>${text}</arg>
<doc>Types the given ``text`` into the text field identified by ``locator``.</doc>
<status status="PASS" start="2024-10-22T20:59:47.047573" elapsed="0.139016"/>
</kw>
<kw name="Sleep" owner="BuiltIn">
<msg time="2024-10-22T20:59:48.186662" level="INFO">Slept 1 second.</msg>
<arg>1s</arg>
<doc>Pauses the test executed for the given time.</doc>
<status status="PASS" start="2024-10-22T20:59:47.186589" elapsed="1.000073"/>
</kw>
<arg>${identity_txt_password}</arg>
<arg>${password}</arg>
<status status="PASS" start="2024-10-22T20:59:47.047573" elapsed="1.139089"/>
</kw>
<kw name="Input Text">
<kw name="Input Text" owner="SeleniumLibrary">
<msg time="2024-10-22T20:59:48.186662" level="INFO">Typing text 'y9dILu6b8vxvZ2InZcQS' into text field '//input[@name='confirm_password']'.</msg>
<arg>${locator}</arg>
<arg>${text}</arg>
<doc>Types the given ``text`` into the text field identified by ``locator``.</doc>
<status status="PASS" start="2024-10-22T20:59:48.186662" elapsed="0.133455"/>
</kw>
<kw name="Sleep" owner="BuiltIn">
<msg time="2024-10-22T20:59:49.320320" level="INFO">Slept 1 second.</msg>
<arg>1s</arg>
<doc>Pauses the test executed for the given time.</doc>
<status status="PASS" start="2024-10-22T20:59:48.320117" elapsed="1.000203"/>
</kw>
<arg>${identity_txt_confirm_password}</arg>
<arg>${password}</arg>
<status status="PASS" start="2024-10-22T20:59:48.186662" elapsed="1.133658"/>
</kw>
<kw name="Click Element" owner="SeleniumLibrary">
<msg time="2024-10-22T20:59:49.320320" level="INFO">Clicking element '//button[@aria-label='Save']'.</msg>
<arg>${identity_btn_save}</arg>
<doc>Click the element identified by ``locator``.</doc>
<status status="PASS" start="2024-10-22T20:59:49.320320" elapsed="0.096126"/>
</kw>
<kw name="Sleep" owner="BuiltIn">
<msg time="2024-10-22T20:59:51.417396" level="INFO">Slept 2 seconds.</msg>
<arg>2s</arg>
<doc>Pauses the test executed for the given time.</doc>
<status status="PASS" start="2024-10-22T20:59:49.416446" elapsed="2.000950"/>
</kw>
<arg>${user}</arg>
<status status="PASS" start="2024-10-22T20:59:38.656116" elapsed="12.761280"/>
</kw>
<kw name="Append To List" owner="Collections">
<arg>${added_names_list}</arg>
<arg>${user['name']}</arg>
<doc>Adds ``values`` to the end of ``list``.</doc>
<status status="PASS" start="2024-10-22T20:59:51.417396" elapsed="0.000000"/>
</kw>
<var name="${user}">{'id': 1, 'name': 'Leanne Graham', 'username': 'Bret', 'email': 'Sincere@april.biz', 'address': {'street': 'Kulas Light', 'suite': 'Apt. 556', 'city': 'Gwenborough', 'zipcode': '92998-3874', 'geo': {'...</var>
<status status="PASS" start="2024-10-22T20:59:37.573816" elapsed="13.843580"/>
</iter>
<iter>
<kw name="Go To Link">
<kw name="Click Element" owner="SeleniumLibrary">
<msg time="2024-10-22T20:59:51.420950" level="INFO">Clicking element '//a[text()="Customers"]'.</msg>
<arg>//a[text()="${text}"]</arg>
<doc>Click the element identified by ``locator``.</doc>
<status status="PASS" start="2024-10-22T20:59:51.419941" elapsed="0.267784"/>
</kw>
<kw name="Wait Until Element Is Visible" owner="SeleniumLibrary">
<arg>//tbody//tr</arg>
<doc>Waits until the element ``locator`` is visible.</doc>
<status status="PASS" start="2024-10-22T20:59:51.687725" elapsed="0.034169"/>
</kw>
<arg>Customers</arg>
<status status="PASS" start="2024-10-22T20:59:51.419941" elapsed="0.301953"/>
</kw>
<kw name="Open Add Identity Modal">
<kw name="Click Element" owner="SeleniumLibrary">
<msg time="2024-10-22T20:59:51.721894" level="INFO">Clicking element '//a[@aria-label="Create"]'.</msg>
<arg>//a[@aria-label="Create"]</arg>
<doc>Click the element identified by ``locator``.</doc>
<status status="PASS" start="2024-10-22T20:59:51.721894" elapsed="0.117189"/>
</kw>
<kw name="Wait Until Element Is Visible" owner="SeleniumLibrary">
<arg>${identity_txt_firstName}</arg>
<arg>timeout=40s</arg>
<doc>Waits until the element ``locator`` is visible.</doc>
<status status="PASS" start="2024-10-22T20:59:51.840082" elapsed="0.000801"/>
</kw>
<status status="PASS" start="2024-10-22T20:59:51.721894" elapsed="0.134611"/>
</kw>
<kw name="Add User">
<kw name="Set Variable" owner="BuiltIn">
<msg time="2024-10-22T20:59:51.856505" level="INFO">${name} = Ervin Howell</msg>
<var>${name}</var>
<arg>${user['name']}</arg>
<doc>Returns the given values which can then be assigned to a variables.</doc>
<status status="PASS" start="2024-10-22T20:59:51.856505" elapsed="0.000000"/>
</kw>
<kw name="Evaluate" owner="BuiltIn">
<msg time="2024-10-22T20:59:51.856505" level="INFO">${firstName} = Ervin</msg>
<var>${firstName}</var>
<arg>" ".join("${name}".split()[:-1]).strip()</arg>
<doc>Evaluates the given expression in Python and returns the result.</doc>
<status status="PASS" start="2024-10-22T20:59:51.856505" elapsed="0.000000"/>
</kw>
<kw name="Evaluate" owner="BuiltIn">
<msg time="2024-10-22T20:59:51.856505" level="INFO">${lastName} = Howell</msg>
<var>${lastName}</var>
<arg>" ".join("${name}".split()[-1:]).strip()</arg>
<doc>Evaluates the given expression in Python and returns the result.</doc>
<status status="PASS" start="2024-10-22T20:59:51.856505" elapsed="0.000000"/>
</kw>
<kw name="Set Variable" owner="BuiltIn">
<msg time="2024-10-22T20:59:51.856505" level="INFO">${email} = Shanna@melissa.tv</msg>
<var>${email}</var>
<arg>${user['email']}</arg>
<doc>Returns the given values which can then be assigned to a variables.</doc>
<status status="PASS" start="2024-10-22T20:59:51.856505" elapsed="0.000000"/>
</kw>
<kw name="Set Variable" owner="BuiltIn">
<msg time="2024-10-22T20:59:51.856505" level="INFO">${birthday} = 05/04/2019</msg>
<var>${birthday}</var>
<arg>${user['birthday']}</arg>
<doc>Returns the given values which can then be assigned to a variables.</doc>
<status status="PASS" start="2024-10-22T20:59:51.856505" elapsed="0.000000"/>
</kw>
<kw name="Set Variable" owner="BuiltIn">
<msg time="2024-10-22T20:59:51.856505" level="INFO">${address} = Victor Plains</msg>
<var>${address}</var>
<arg>${user['address']['street']}</arg>
<doc>Returns the given values which can then be assigned to a variables.</doc>
<status status="PASS" start="2024-10-22T20:59:51.856505" elapsed="0.000000"/>
</kw>
<kw name="Set Variable" owner="BuiltIn">
<msg time="2024-10-22T20:59:51.856505" level="INFO">${city} = Wisokyburgh</msg>
<var>${city}</var>
<arg>${user['address']['city']}</arg>
<doc>Returns the given values which can then be assigned to a variables.</doc>
<status status="PASS" start="2024-10-22T20:59:51.856505" elapsed="0.000000"/>
</kw>
<kw name="Set Variable" owner="BuiltIn">
<msg time="2024-10-22T20:59:51.861752" level="INFO">${stateAbbr} = Vacuolation</msg>
<var>${stateAbbr}</var>
<arg>${user['address']['state']}</arg>
<doc>Returns the given values which can then be assigned to a variables.</doc>
<status status="PASS" start="2024-10-22T20:59:51.856505" elapsed="0.005334"/>
</kw>
<kw name="Set Variable" owner="BuiltIn">
<msg time="2024-10-22T20:59:51.862428" level="INFO">${zipcode} = 90566-7771</msg>
<var>${zipcode}</var>
<arg>${user['address']['zipcode']}</arg>
<doc>Returns the given values which can then be assigned to a variables.</doc>
<status status="PASS" start="2024-10-22T20:59:51.861884" elapsed="0.000544"/>
</kw>
<kw name="Generate Password" owner="Users">
<msg time="2024-10-22T20:59:51.862428" level="INFO">${password} = CI7KwtF9AVSxTfKcdg1T</msg>
<var>${password}</var>
<status status="PASS" start="2024-10-22T20:59:51.862428" elapsed="0.000000"/>
</kw>
<kw name="Input Text">
<kw name="Input Text" owner="SeleniumLibrary">
<msg time="2024-10-22T20:59:51.863937" level="INFO">Typing text 'Ervin' into text field '//input[@name='first_name']'.</msg>
<arg>${locator}</arg>
<arg>${text}</arg>
<doc>Types the given ``text`` into the text field identified by ``locator``.</doc>
<status status="PASS" start="2024-10-22T20:59:51.862428" elapsed="0.087730"/>
</kw>
<kw name="Sleep" owner="BuiltIn">
<msg time="2024-10-22T20:59:52.951330" level="INFO">Slept 1 second.</msg>
<arg>1s</arg>
<doc>Pauses the test executed for the given time.</doc>
<status status="PASS" start="2024-10-22T20:59:51.950158" elapsed="1.001172"/>
</kw>
<arg>${identity_txt_firstName}</arg>
<arg>${firstName}</arg>
<status status="PASS" start="2024-10-22T20:59:51.862428" elapsed="1.088902"/>
</kw>
<kw name="Input Text">
<kw name="Input Text" owner="SeleniumLibrary">
<msg time="2024-10-22T20:59:52.952981" level="INFO">Typing text 'Howell' into text field '//input[@name='last_name']'.</msg>
<arg>${locator}</arg>
<arg>${text}</arg>
<doc>Types the given ``text`` into the text field identified by ``locator``.</doc>
<status status="PASS" start="2024-10-22T20:59:52.951330" elapsed="0.094392"/>
</kw>
<kw name="Sleep" owner="BuiltIn">
<msg time="2024-10-22T20:59:54.046246" level="INFO">Slept 1 second.</msg>
<arg>1s</arg>
<doc>Pauses the test executed for the given time.</doc>
<status status="PASS" start="2024-10-22T20:59:53.045722" elapsed="1.000524"/>
</kw>
<arg>${identity_txt_lastName}</arg>
<arg>${lastName}</arg>
<status status="PASS" start="2024-10-22T20:59:52.951330" elapsed="1.094916"/>
</kw>
<kw name="Input Text">
<kw name="Input Text" owner="SeleniumLibrary">
<msg time="2024-10-22T20:59:54.046246" level="INFO">Typing text 'Shanna@melissa.tv' into text field '//input[@name='email']'.</msg>
<arg>${locator}</arg>
<arg>${text}</arg>
<doc>Types the given ``text`` into the text field identified by ``locator``.</doc>
<status status="PASS" start="2024-10-22T20:59:54.046246" elapsed="0.117839"/>
</kw>
<kw name="Sleep" owner="BuiltIn">
<msg time="2024-10-22T20:59:55.164996" level="INFO">Slept 1 second.</msg>
<arg>1s</arg>
<doc>Pauses the test executed for the given time.</doc>
<status status="PASS" start="2024-10-22T20:59:54.164085" elapsed="1.000911"/>
</kw>
<arg>${identity_txt_email}</arg>
<arg>${email}</arg>
<status status="PASS" start="2024-10-22T20:59:54.046246" elapsed="1.118750"/>
</kw>
<kw name="Input Date">
<kw name="Click Element At Coordinates" owner="SeleniumLibrary">
<msg time="2024-10-22T20:59:55.164996" level="INFO">Clicking element '//input[@type='date']' at coordinates x=0, y=0.</msg>
<arg>${locator}</arg>
<arg>0</arg>
<arg>0</arg>
<doc>Click the element ``locator`` at ``xoffset/yoffset``.</doc>
<status status="PASS" start="2024-10-22T20:59:55.164996" elapsed="0.580968"/>
</kw>
<kw name="Press Keys" owner="SeleniumLibrary">
<msg time="2024-10-22T20:59:55.745964" level="INFO">Sending key(s) ('05/04/2019',) to page.</msg>
<msg time="2024-10-22T20:59:55.745964" level="INFO">Sending keys 05/04/2019</msg>
<arg>None</arg>
<arg>${date}</arg>
<doc>Simulates the user pressing key(s) to an element or on the active browser.</doc>
<status status="PASS" start="2024-10-22T20:59:55.745964" elapsed="0.049613"/>
</kw>
<arg>${identity_txt_birthday}</arg>
<arg>${birthday}</arg>
<status status="PASS" start="2024-10-22T20:59:55.164996" elapsed="0.630581"/>
</kw>
<kw name="Input Text">
<kw name="Input Text" owner="SeleniumLibrary">
<msg time="2024-10-22T20:59:55.811666" level="INFO">Typing text 'Victor Plains' into text field '//textarea[@name='address']'.</msg>
<arg>${locator}</arg>
<arg>${text}</arg>
<doc>Types the given ``text`` into the text field identified by ``locator``.</doc>
<status status="PASS" start="2024-10-22T20:59:55.811199" elapsed="0.112693"/>
</kw>
<kw name="Sleep" owner="BuiltIn">
<msg time="2024-10-22T20:59:56.924640" level="INFO">Slept 1 second.</msg>
<arg>1s</arg>
<doc>Pauses the test executed for the given time.</doc>
<status status="PASS" start="2024-10-22T20:59:55.923892" elapsed="1.000748"/>
</kw>
<arg>${identity_txt_address}</arg>
<arg>${address}</arg>
<status status="PASS" start="2024-10-22T20:59:55.795577" elapsed="1.129063"/>
</kw>
<kw name="Input Text">
<kw name="Input Text" owner="SeleniumLibrary">
<msg time="2024-10-22T20:59:56.924640" level="INFO">Typing text 'Wisokyburgh' into text field '//input[@name='city']'.</msg>
<arg>${locator}</arg>
<arg>${text}</arg>
<doc>Types the given ``text`` into the text field identified by ``locator``.</doc>
<status status="PASS" start="2024-10-22T20:59:56.924640" elapsed="0.109732"/>
</kw>
<kw name="Sleep" owner="BuiltIn">
<msg time="2024-10-22T20:59:58.034903" level="INFO">Slept 1 second.</msg>
<arg>1s</arg>
<doc>Pauses the test executed for the given time.</doc>
<status status="PASS" start="2024-10-22T20:59:57.034372" elapsed="1.000531"/>
</kw>
<arg>${identity_txt_city}</arg>
<arg>${city}</arg>
<status status="PASS" start="2024-10-22T20:59:56.924640" elapsed="1.110263"/>
</kw>
<kw name="Input Text">
<kw name="Input Text" owner="SeleniumLibrary">
<msg time="2024-10-22T20:59:58.034903" level="INFO">Typing text 'Vacuolation' into text field '//input[@name='stateAbbr']'.</msg>
<arg>${locator}</arg>
<arg>${text}</arg>
<doc>Types the given ``text`` into the text field identified by ``locator``.</doc>
<status status="PASS" start="2024-10-22T20:59:58.034903" elapsed="0.112264"/>
</kw>
<kw name="Sleep" owner="BuiltIn">
<msg time="2024-10-22T20:59:59.147251" level="INFO">Slept 1 second.</msg>
<arg>1s</arg>
<doc>Pauses the test executed for the given time.</doc>
<status status="PASS" start="2024-10-22T20:59:58.147167" elapsed="1.000084"/>
</kw>
<arg>${identity_txt_stateAbbr}</arg>
<arg>${stateAbbr}</arg>
<status status="PASS" start="2024-10-22T20:59:58.034903" elapsed="1.112348"/>
</kw>
<kw name="Input Text">
<kw name="Input Text" owner="SeleniumLibrary">
<msg time="2024-10-22T20:59:59.147251" level="INFO">Typing text '90566-7771' into text field '//input[@name='zipcode']'.</msg>
<arg>${locator}</arg>
<arg>${text}</arg>
<doc>Types the given ``text`` into the text field identified by ``locator``.</doc>
<status status="PASS" start="2024-10-22T20:59:59.147251" elapsed="0.102468"/>
</kw>
<kw name="Sleep" owner="BuiltIn">
<msg time="2024-10-22T21:00:00.250566" level="INFO">Slept 1 second.</msg>
<arg>1s</arg>
<doc>Pauses the test executed for the given time.</doc>
<status status="PASS" start="2024-10-22T20:59:59.249719" elapsed="1.000847"/>
</kw>
<arg>${identity_txt_zipcode}</arg>
<arg>${zipcode}</arg>
<status status="PASS" start="2024-10-22T20:59:59.147251" elapsed="1.103315"/>
</kw>
<kw name="Input Text">
<kw name="Input Text" owner="SeleniumLibrary">
<msg time="2024-10-22T21:00:00.250566" level="INFO">Typing text 'CI7KwtF9AVSxTfKcdg1T' into text field '//input[@name='password']'.</msg>
<arg>${locator}</arg>
<arg>${text}</arg>
<doc>Types the given ``text`` into the text field identified by ``locator``.</doc>
<status status="PASS" start="2024-10-22T21:00:00.250566" elapsed="0.133960"/>
</kw>
<kw name="Sleep" owner="BuiltIn">
<msg time="2024-10-22T21:00:01.384873" level="INFO">Slept 1 second.</msg>
<arg>1s</arg>
<doc>Pauses the test executed for the given time.</doc>
<status status="PASS" start="2024-10-22T21:00:00.384526" elapsed="1.000347"/>
</kw>
<arg>${identity_txt_password}</arg>
<arg>${password}</arg>
<status status="PASS" start="2024-10-22T21:00:00.250566" elapsed="1.134307"/>
</kw>
<kw name="Input Text">
<kw name="Input Text" owner="SeleniumLibrary">
<msg time="2024-10-22T21:00:01.384873" level="INFO">Typing text 'CI7KwtF9AVSxTfKcdg1T' into text field '//input[@name='confirm_password']'.</msg>
<arg>${locator}</arg>
<arg>${text}</arg>
<doc>Types the given ``text`` into the text field identified by ``locator``.</doc>
<status status="PASS" start="2024-10-22T21:00:01.384873" elapsed="0.131566"/>
</kw>
<kw name="Sleep" owner="BuiltIn">
<msg time="2024-10-22T21:00:02.517073" level="INFO">Slept 1 second.</msg>
<arg>1s</arg>
<doc>Pauses the test executed for the given time.</doc>
<status status="PASS" start="2024-10-22T21:00:01.516439" elapsed="1.000634"/>
</kw>
<arg>${identity_txt_confirm_password}</arg>
<arg>${password}</arg>
<status status="PASS" start="2024-10-22T21:00:01.384873" elapsed="1.132200"/>
</kw>
<kw name="Click Element" owner="SeleniumLibrary">
<msg time="2024-10-22T21:00:02.517073" level="INFO">Clicking element '//button[@aria-label='Save']'.</msg>
<arg>${identity_btn_save}</arg>
<doc>Click the element identified by ``locator``.</doc>
<status status="PASS" start="2024-10-22T21:00:02.517073" elapsed="0.062355"/>
</kw>
<kw name="Sleep" owner="BuiltIn">
<msg time="2024-10-22T21:00:04.580079" level="INFO">Slept 2 seconds.</msg>
<arg>2s</arg>
<doc>Pauses the test executed for the given time.</doc>
<status status="PASS" start="2024-10-22T21:00:02.579428" elapsed="2.000651"/>
</kw>
<arg>${user}</arg>
<status status="PASS" start="2024-10-22T20:59:51.856505" elapsed="12.723574"/>
</kw>
<kw name="Append To List" owner="Collections">
<arg>${added_names_list}</arg>
<arg>${user['name']}</arg>
<doc>Adds ``values`` to the end of ``list``.</doc>
<status status="PASS" start="2024-10-22T21:00:04.580079" elapsed="0.000000"/>
</kw>
<var name="${user}">{'id': 2, 'name': 'Ervin Howell', 'username': 'Antonette', 'email': 'Shanna@melissa.tv', 'address': {'street': 'Victor Plains', 'suite': 'Suite 879', 'city': 'Wisokyburgh', 'zipcode': '90566-7771', 'g...</var>
<status status="PASS" start="2024-10-22T20:59:51.419941" elapsed="13.160138"/>
</iter>
<iter>
<kw name="Go To Link">
<kw name="Click Element" owner="SeleniumLibrary">
<msg time="2024-10-22T21:00:04.580079" level="INFO">Clicking element '//a[text()="Customers"]'.</msg>
<arg>//a[text()="${text}"]</arg>
<doc>Click the element identified by ``locator``.</doc>
<status status="PASS" start="2024-10-22T21:00:04.580079" elapsed="0.256949"/>
</kw>
<kw name="Wait Until Element Is Visible" owner="SeleniumLibrary">
<arg>//tbody//tr</arg>
<doc>Waits until the element ``locator`` is visible.</doc>
<status status="PASS" start="2024-10-22T21:00:04.837028" elapsed="0.031185"/>
</kw>
<arg>Customers</arg>
<status status="PASS" start="2024-10-22T21:00:04.580079" elapsed="0.288134"/>
</kw>
<kw name="Open Add Identity Modal">
<kw name="Click Element" owner="SeleniumLibrary">
<msg time="2024-10-22T21:00:04.869211" level="INFO">Clicking element '//a[@aria-label="Create"]'.</msg>
<arg>//a[@aria-label="Create"]</arg>
<doc>Click the element identified by ``locator``.</doc>
<status status="PASS" start="2024-10-22T21:00:04.868213" elapsed="0.112321"/>
</kw>
<kw name="Wait Until Element Is Visible" owner="SeleniumLibrary">
<arg>${identity_txt_firstName}</arg>
<arg>timeout=40s</arg>
<doc>Waits until the element ``locator`` is visible.</doc>
<status status="PASS" start="2024-10-22T21:00:04.981535" elapsed="0.016414"/>
</kw>
<status status="PASS" start="2024-10-22T21:00:04.868213" elapsed="0.129736"/>
</kw>
<kw name="Add User">
<kw name="Set Variable" owner="BuiltIn">
<msg time="2024-10-22T21:00:04.997949" level="INFO">${name} = Clementine Bauch</msg>
<var>${name}</var>
<arg>${user['name']}</arg>
<doc>Returns the given values which can then be assigned to a variables.</doc>
<status status="PASS" start="2024-10-22T21:00:04.997949" elapsed="0.000000"/>
</kw>
<kw name="Evaluate" owner="BuiltIn">
<msg time="2024-10-22T21:00:04.997949" level="INFO">${firstName} = Clementine</msg>
<var>${firstName}</var>
<arg>" ".join("${name}".split()[:-1]).strip()</arg>
<doc>Evaluates the given expression in Python and returns the result.</doc>
<status status="PASS" start="2024-10-22T21:00:04.997949" elapsed="0.000000"/>
</kw>
<kw name="Evaluate" owner="BuiltIn">
<msg time="2024-10-22T21:00:04.997949" level="INFO">${lastName} = Bauch</msg>
<var>${lastName}</var>
<arg>" ".join("${name}".split()[-1:]).strip()</arg>
<doc>Evaluates the given expression in Python and returns the result.</doc>
<status status="PASS" start="2024-10-22T21:00:04.997949" elapsed="0.000000"/>
</kw>
<kw name="Set Variable" owner="BuiltIn">
<msg time="2024-10-22T21:00:04.997949" level="INFO">${email} = Nathan@yesenia.net</msg>
<var>${email}</var>
<arg>${user['email']}</arg>
<doc>Returns the given values which can then be assigned to a variables.</doc>
<status status="PASS" start="2024-10-22T21:00:04.997949" elapsed="0.000000"/>
</kw>
<kw name="Set Variable" owner="BuiltIn">
<msg time="2024-10-22T21:00:04.997949" level="INFO">${birthday} = 12/23/1996</msg>
<var>${birthday}</var>
<arg>${user['birthday']}</arg>
<doc>Returns the given values which can then be assigned to a variables.</doc>
<status status="PASS" start="2024-10-22T21:00:04.997949" elapsed="0.000000"/>
</kw>
<kw name="Set Variable" owner="BuiltIn">
<msg time="2024-10-22T21:00:04.997949" level="INFO">${address} = Douglas Extension</msg>
<var>${address}</var>
<arg>${user['address']['street']}</arg>
<doc>Returns the given values which can then be assigned to a variables.</doc>
<status status="PASS" start="2024-10-22T21:00:04.997949" elapsed="0.000000"/>
</kw>
<kw name="Set Variable" owner="BuiltIn">
<msg time="2024-10-22T21:00:04.997949" level="INFO">${city} = McKenziehaven</msg>
<var>${city}</var>
<arg>${user['address']['city']}</arg>
<doc>Returns the given values which can then be assigned to a variables.</doc>
<status status="PASS" start="2024-10-22T21:00:04.997949" elapsed="0.000000"/>
</kw>
<kw name="Set Variable" owner="BuiltIn">
<msg time="2024-10-22T21:00:04.997949" level="INFO">${stateAbbr} = Metisses</msg>
<var>${stateAbbr}</var>
<arg>${user['address']['state']}</arg>
<doc>Returns the given values which can then be assigned to a variables.</doc>
<status status="PASS" start="2024-10-22T21:00:04.997949" elapsed="0.000000"/>
</kw>
<kw name="Set Variable" owner="BuiltIn">
<msg time="2024-10-22T21:00:04.997949" level="INFO">${zipcode} = 59590-4157</msg>
<var>${zipcode}</var>
<arg>${user['address']['zipcode']}</arg>
<doc>Returns the given values which can then be assigned to a variables.</doc>
<status status="PASS" start="2024-10-22T21:00:04.997949" elapsed="0.000000"/>
</kw>
<kw name="Generate Password" owner="Users">
<msg time="2024-10-22T21:00:04.997949" level="INFO">${password} = mKQ5BHC8malGPPkDUOTK</msg>
<var>${password}</var>
<status status="PASS" start="2024-10-22T21:00:04.997949" elapsed="0.000000"/>
</kw>
<kw name="Input Text">
<kw name="Input Text" owner="SeleniumLibrary">
<msg time="2024-10-22T21:00:04.997949" level="INFO">Typing text 'Clementine' into text field '//input[@name='first_name']'.</msg>
<arg>${locator}</arg>
<arg>${text}</arg>
<doc>Types the given ``text`` into the text field identified by ``locator``.</doc>
<status status="PASS" start="2024-10-22T21:00:04.997949" elapsed="0.106900"/>
</kw>
<kw name="Sleep" owner="BuiltIn">
<msg time="2024-10-22T21:00:06.105670" level="INFO">Slept 1 second.</msg>
<arg>1s</arg>
<doc>Pauses the test executed for the given time.</doc>
<status status="PASS" start="2024-10-22T21:00:05.104849" elapsed="1.000821"/>
</kw>
<arg>${identity_txt_firstName}</arg>
<arg>${firstName}</arg>
<status status="PASS" start="2024-10-22T21:00:04.997949" elapsed="1.107721"/>
</kw>
<kw name="Input Text">
<kw name="Input Text" owner="SeleniumLibrary">
<msg time="2024-10-22T21:00:06.105670" level="INFO">Typing text 'Bauch' into text field '//input[@name='last_name']'.</msg>
<arg>${locator}</arg>
<arg>${text}</arg>
<doc>Types the given ``text`` into the text field identified by ``locator``.</doc>
<status status="PASS" start="2024-10-22T21:00:06.105670" elapsed="0.109838"/>
</kw>
<kw name="Sleep" owner="BuiltIn">
<msg time="2024-10-22T21:00:07.216400" level="INFO">Slept 1 second.</msg>
<arg>1s</arg>
<doc>Pauses the test executed for the given time.</doc>
<status status="PASS" start="2024-10-22T21:00:06.215508" elapsed="1.000892"/>
</kw>
<arg>${identity_txt_lastName}</arg>
<arg>${lastName}</arg>
<status status="PASS" start="2024-10-22T21:00:06.105670" elapsed="1.110730"/>
</kw>
<kw name="Input Text">
<kw name="Input Text" owner="SeleniumLibrary">
<msg time="2024-10-22T21:00:07.216400" level="INFO">Typing text 'Nathan@yesenia.net' into text field '//input[@name='email']'.</msg>
<arg>${locator}</arg>
<arg>${text}</arg>
<doc>Types the given ``text`` into the text field identified by ``locator``.</doc>
<status status="PASS" start="2024-10-22T21:00:07.216400" elapsed="0.123195"/>
</kw>
<kw name="Sleep" owner="BuiltIn">
<msg time="2024-10-22T21:00:08.340416" level="INFO">Slept 1 second.</msg>
<arg>1s</arg>
<doc>Pauses the test executed for the given time.</doc>
<status status="PASS" start="2024-10-22T21:00:07.339595" elapsed="1.000821"/>
</kw>
<arg>${identity_txt_email}</arg>
<arg>${email}</arg>
<status status="PASS" start="2024-10-22T21:00:07.216400" elapsed="1.124016"/>
</kw>
<kw name="Input Date">
<kw name="Click Element At Coordinates" owner="SeleniumLibrary">
<msg time="2024-10-22T21:00:08.340416" level="INFO">Clicking element '//input[@type='date']' at coordinates x=0, y=0.</msg>
<arg>${locator}</arg>
<arg>0</arg>
<arg>0</arg>
<doc>Click the element ``locator`` at ``xoffset/yoffset``.</doc>
<status status="PASS" start="2024-10-22T21:00:08.340416" elapsed="0.540853"/>
</kw>
<kw name="Press Keys" owner="SeleniumLibrary">
<msg time="2024-10-22T21:00:08.881269" level="INFO">Sending key(s) ('12/23/1996',) to page.</msg>
<msg time="2024-10-22T21:00:08.881269" level="INFO">Sending keys 12/23/1996</msg>
<arg>None</arg>
<arg>${date}</arg>
<doc>Simulates the user pressing key(s) to an element or on the active browser.</doc>
<status status="PASS" start="2024-10-22T21:00:08.881269" elapsed="0.047457"/>
</kw>
<arg>${identity_txt_birthday}</arg>
<arg>${birthday}</arg>
<status status="PASS" start="2024-10-22T21:00:08.340416" elapsed="0.588310"/>
</kw>
<kw name="Input Text">
<kw name="Input Text" owner="SeleniumLibrary">
<msg time="2024-10-22T21:00:08.928726" level="INFO">Typing text 'Douglas Extension' into text field '//textarea[@name='address']'.</msg>
<arg>${locator}</arg>
<arg>${text}</arg>
<doc>Types the given ``text`` into the text field identified by ``locator``.</doc>
<status status="PASS" start="2024-10-22T21:00:08.928726" elapsed="0.120051"/>
</kw>
<kw name="Sleep" owner="BuiltIn">
<msg time="2024-10-22T21:00:10.049276" level="INFO">Slept 1 second.</msg>
<arg>1s</arg>
<doc>Pauses the test executed for the given time.</doc>
<status status="PASS" start="2024-10-22T21:00:09.048777" elapsed="1.000499"/>
</kw>
<arg>${identity_txt_address}</arg>
<arg>${address}</arg>
<status status="PASS" start="2024-10-22T21:00:08.928726" elapsed="1.120550"/>
</kw>
<kw name="Input Text">
<kw name="Input Text" owner="SeleniumLibrary">
<msg time="2024-10-22T21:00:10.049276" level="INFO">Typing text 'McKenziehaven' into text field '//input[@name='city']'.</msg>
<arg>${locator}</arg>
<arg>${text}</arg>
<doc>Types the given ``text`` into the text field identified by ``locator``.</doc>
<status status="PASS" start="2024-10-22T21:00:10.049276" elapsed="0.114280"/>
</kw>
<kw name="Sleep" owner="BuiltIn">
<msg time="2024-10-22T21:00:11.164174" level="INFO">Slept 1 second.</msg>
<arg>1s</arg>
<doc>Pauses the test executed for the given time.</doc>
<status status="PASS" start="2024-10-22T21:00:10.163556" elapsed="1.000618"/>
</kw>
<arg>${identity_txt_city}</arg>
<arg>${city}</arg>
<status status="PASS" start="2024-10-22T21:00:10.049276" elapsed="1.114898"/>
</kw>
<kw name="Input Text">
<kw name="Input Text" owner="SeleniumLibrary">
<msg time="2024-10-22T21:00:11.164174" level="INFO">Typing text 'Metisses' into text field '//input[@name='stateAbbr']'.</msg>
<arg>${locator}</arg>
<arg>${text}</arg>
<doc>Types the given ``text`` into the text field identified by ``locator``.</doc>
<status status="PASS" start="2024-10-22T21:00:11.164174" elapsed="0.101162"/>
</kw>
<kw name="Sleep" owner="BuiltIn">
<msg time="2024-10-22T21:00:12.265519" level="INFO">Slept 1 second.</msg>
<arg>1s</arg>
<doc>Pauses the test executed for the given time.</doc>
<status status="PASS" start="2024-10-22T21:00:11.265336" elapsed="1.000183"/>
</kw>
<arg>${identity_txt_stateAbbr}</arg>
<arg>${stateAbbr}</arg>
<status status="PASS" start="2024-10-22T21:00:11.164174" elapsed="1.101345"/>
</kw>
<kw name="Input Text">
<kw name="Input Text" owner="SeleniumLibrary">
<msg time="2024-10-22T21:00:12.265519" level="INFO">Typing text '59590-4157' into text field '//input[@name='zipcode']'.</msg>
<arg>${locator}</arg>
<arg>${text}</arg>
<doc>Types the given ``text`` into the text field identified by ``locator``.</doc>
<status status="PASS" start="2024-10-22T21:00:12.265519" elapsed="0.108491"/>
</kw>
<kw name="Sleep" owner="BuiltIn">
<msg time="2024-10-22T21:00:13.375024" level="INFO">Slept 1 second.</msg>
<arg>1s</arg>
<doc>Pauses the test executed for the given time.</doc>
<status status="PASS" start="2024-10-22T21:00:12.374010" elapsed="1.001014"/>
</kw>
<arg>${identity_txt_zipcode}</arg>
<arg>${zipcode}</arg>
<status status="PASS" start="2024-10-22T21:00:12.265519" elapsed="1.109505"/>
</kw>
<kw name="Input Text">
<kw name="Input Text" owner="SeleniumLibrary">
<msg time="2024-10-22T21:00:13.375024" level="INFO">Typing text 'mKQ5BHC8malGPPkDUOTK' into text field '//input[@name='password']'.</msg>
<arg>${locator}</arg>
<arg>${text}</arg>
<doc>Types the given ``text`` into the text field identified by ``locator``.</doc>
<status status="PASS" start="2024-10-22T21:00:13.375024" elapsed="0.132713"/>
</kw>
<kw name="Sleep" owner="BuiltIn">
<msg time="2024-10-22T21:00:14.507909" level="INFO">Slept 1 second.</msg>
<arg>1s</arg>
<doc>Pauses the test executed for the given time.</doc>
<status status="PASS" start="2024-10-22T21:00:13.507737" elapsed="1.000172"/>
</kw>
<arg>${identity_txt_password}</arg>
<arg>${password}</arg>
<status status="PASS" start="2024-10-22T21:00:13.375024" elapsed="1.132885"/>
</kw>
<kw name="Input Text">
<kw name="Input Text" owner="SeleniumLibrary">
<msg time="2024-10-22T21:00:14.507909" level="INFO">Typing text 'mKQ5BHC8malGPPkDUOTK' into text field '//input[@name='confirm_password']'.</msg>
<arg>${locator}</arg>
<arg>${text}</arg>
<doc>Types the given ``text`` into the text field identified by ``locator``.</doc>
<status status="PASS" start="2024-10-22T21:00:14.507909" elapsed="0.130494"/>
</kw>
<kw name="Sleep" owner="BuiltIn">
<msg time="2024-10-22T21:00:15.639125" level="INFO">Slept 1 second.</msg>
<arg>1s</arg>
<doc>Pauses the test executed for the given time.</doc>
<status status="PASS" start="2024-10-22T21:00:14.638403" elapsed="1.000722"/>
</kw>
<arg>${identity_txt_confirm_password}</arg>
<arg>${password}</arg>
<status status="PASS" start="2024-10-22T21:00:14.507909" elapsed="1.131216"/>
</kw>
<kw name="Click Element" owner="SeleniumLibrary">
<msg time="2024-10-22T21:00:15.639125" level="INFO">Clicking element '//button[@aria-label='Save']'.</msg>
<arg>${identity_btn_save}</arg>
<doc>Click the element identified by ``locator``.</doc>
<status status="PASS" start="2024-10-22T21:00:15.639125" elapsed="0.056079"/>
</kw>
<kw name="Sleep" owner="BuiltIn">
<msg time="2024-10-22T21:00:17.695417" level="INFO">Slept 2 seconds.</msg>
<arg>2s</arg>
<doc>Pauses the test executed for the given time.</doc>
<status status="PASS" start="2024-10-22T21:00:15.695204" elapsed="2.000213"/>
</kw>
<arg>${user}</arg>
<status status="PASS" start="2024-10-22T21:00:04.997949" elapsed="12.697468"/>
</kw>
<kw name="Append To List" owner="Collections">
<arg>${added_names_list}</arg>
<arg>${user['name']}</arg>
<doc>Adds ``values`` to the end of ``list``.</doc>
<status status="PASS" start="2024-10-22T21:00:17.695417" elapsed="0.000000"/>
</kw>
<var name="${user}">{'id': 3, 'name': 'Clementine Bauch', 'username': 'Samantha', 'email': 'Nathan@yesenia.net', 'address': {'street': 'Douglas Extension', 'suite': 'Suite 847', 'city': 'McKenziehaven', 'zipcode': '59590...</var>
<status status="PASS" start="2024-10-22T21:00:04.580079" elapsed="13.115338"/>
</iter>
<iter>
<kw name="Go To Link">
<kw name="Click Element" owner="SeleniumLibrary">
<msg time="2024-10-22T21:00:17.695417" level="INFO">Clicking element '//a[text()="Customers"]'.</msg>
<arg>//a[text()="${text}"]</arg>
<doc>Click the element identified by ``locator``.</doc>
<status status="PASS" start="2024-10-22T21:00:17.695417" elapsed="0.253870"/>
</kw>
<kw name="Wait Until Element Is Visible" owner="SeleniumLibrary">
<arg>//tbody//tr</arg>
<doc>Waits until the element ``locator`` is visible.</doc>
<status status="PASS" start="2024-10-22T21:00:17.950288" elapsed="0.042004"/>
</kw>
<arg>Customers</arg>
<status status="PASS" start="2024-10-22T21:00:17.695417" elapsed="0.296875"/>
</kw>
<kw name="Open Add Identity Modal">
<kw name="Click Element" owner="SeleniumLibrary">
<msg time="2024-10-22T21:00:17.992292" level="INFO">Clicking element '//a[@aria-label="Create"]'.</msg>
<arg>//a[@aria-label="Create"]</arg>
<doc>Click the element identified by ``locator``.</doc>
<status status="PASS" start="2024-10-22T21:00:17.992292" elapsed="0.114223"/>
</kw>
<kw name="Wait Until Element Is Visible" owner="SeleniumLibrary">
<arg>${identity_txt_firstName}</arg>
<arg>timeout=40s</arg>
<doc>Waits until the element ``locator`` is visible.</doc>
<status status="PASS" start="2024-10-22T21:00:18.107511" elapsed="0.022962"/>
</kw>
<status status="PASS" start="2024-10-22T21:00:17.992292" elapsed="0.138181"/>
</kw>
<kw name="Add User">
<kw name="Set Variable" owner="BuiltIn">
<msg time="2024-10-22T21:00:18.130473" level="INFO">${name} = Patricia Lebsack</msg>
<var>${name}</var>
<arg>${user['name']}</arg>
<doc>Returns the given values which can then be assigned to a variables.</doc>
<status status="PASS" start="2024-10-22T21:00:18.130473" elapsed="0.000000"/>
</kw>
<kw name="Evaluate" owner="BuiltIn">
<msg time="2024-10-22T21:00:18.130473" level="INFO">${firstName} = Patricia</msg>
<var>${firstName}</var>
<arg>" ".join("${name}".split()[:-1]).strip()</arg>
<doc>Evaluates the given expression in Python and returns the result.</doc>
<status status="PASS" start="2024-10-22T21:00:18.130473" elapsed="0.000000"/>
</kw>
<kw name="Evaluate" owner="BuiltIn">
<msg time="2024-10-22T21:00:18.130473" level="INFO">${lastName} = Lebsack</msg>
<var>${lastName}</var>
<arg>" ".join("${name}".split()[-1:]).strip()</arg>
<doc>Evaluates the given expression in Python and returns the result.</doc>
<status status="PASS" start="2024-10-22T21:00:18.130473" elapsed="0.000000"/>
</kw>
<kw name="Set Variable" owner="BuiltIn">
<msg time="2024-10-22T21:00:18.130473" level="INFO">${email} = Julianne.OConner@kory.org</msg>
<var>${email}</var>
<arg>${user['email']}</arg>
<doc>Returns the given values which can then be assigned to a variables.</doc>
<status status="PASS" start="2024-10-22T21:00:18.130473" elapsed="0.000000"/>
</kw>
<kw name="Set Variable" owner="BuiltIn">
<msg time="2024-10-22T21:00:18.130473" level="INFO">${birthday} = 06/02/1976</msg>
<var>${birthday}</var>
<arg>${user['birthday']}</arg>
<doc>Returns the given values which can then be assigned to a variables.</doc>
<status status="PASS" start="2024-10-22T21:00:18.130473" elapsed="0.000000"/>
</kw>
<kw name="Set Variable" owner="BuiltIn">
<msg time="2024-10-22T21:00:18.130473" level="INFO">${address} = Hoeger Mall</msg>
<var>${address}</var>
<arg>${user['address']['street']}</arg>
<doc>Returns the given values which can then be assigned to a variables.</doc>
<status status="PASS" start="2024-10-22T21:00:18.130473" elapsed="0.000000"/>
</kw>
<kw name="Set Variable" owner="BuiltIn">
<msg time="2024-10-22T21:00:18.130473" level="INFO">${city} = South Elvis</msg>
<var>${city}</var>
<arg>${user['address']['city']}</arg>
<doc>Returns the given values which can then be assigned to a variables.</doc>
<status status="PASS" start="2024-10-22T21:00:18.130473" elapsed="0.000000"/>
</kw>
<kw name="Set Variable" owner="BuiltIn">
<msg time="2024-10-22T21:00:18.130473" level="INFO">${stateAbbr} = Traumatise</msg>
<var>${stateAbbr}</var>
<arg>${user['address']['state']}</arg>
<doc>Returns the given values which can then be assigned to a variables.</doc>
<status status="PASS" start="2024-10-22T21:00:18.130473" elapsed="0.000000"/>
</kw>
<kw name="Set Variable" owner="BuiltIn">
<msg time="2024-10-22T21:00:18.130473" level="INFO">${zipcode} = 53919-4257</msg>
<var>${zipcode}</var>
<arg>${user['address']['zipcode']}</arg>
<doc>Returns the given values which can then be assigned to a variables.</doc>
<status status="PASS" start="2024-10-22T21:00:18.130473" elapsed="0.000000"/>
</kw>
<kw name="Generate Password" owner="Users">
<msg time="2024-10-22T21:00:18.130473" level="INFO">${password} = MGWcSUgdC33HexTFd3QR</msg>
<var>${password}</var>
<status status="PASS" start="2024-10-22T21:00:18.130473" elapsed="0.000000"/>
</kw>
<kw name="Input Text">
<kw name="Input Text" owner="SeleniumLibrary">
<msg time="2024-10-22T21:00:18.130473" level="INFO">Typing text 'Patricia' into text field '//input[@name='first_name']'.</msg>
<arg>${locator}</arg>
<arg>${text}</arg>
<doc>Types the given ``text`` into the text field identified by ``locator``.</doc>
<status status="PASS" start="2024-10-22T21:00:18.130473" elapsed="0.104859"/>
</kw>
<kw name="Sleep" owner="BuiltIn">
<msg time="2024-10-22T21:00:19.236070" level="INFO">Slept 1 second.</msg>
<arg>1s</arg>
<doc>Pauses the test executed for the given time.</doc>
<status status="PASS" start="2024-10-22T21:00:18.235332" elapsed="1.000738"/>
</kw>
<arg>${identity_txt_firstName}</arg>
<arg>${firstName}</arg>
<status status="PASS" start="2024-10-22T21:00:18.130473" elapsed="1.105597"/>
</kw>
<kw name="Input Text">
<kw name="Input Text" owner="SeleniumLibrary">
<msg time="2024-10-22T21:00:19.236070" level="INFO">Typing text 'Lebsack' into text field '//input[@name='last_name']'.</msg>
<arg>${locator}</arg>
<arg>${text}</arg>
<doc>Types the given ``text`` into the text field identified by ``locator``.</doc>
<status status="PASS" start="2024-10-22T21:00:19.236070" elapsed="0.123828"/>
</kw>
<kw name="Sleep" owner="BuiltIn">
<msg time="2024-10-22T21:00:20.360747" level="INFO">Slept 1 second.</msg>
<arg>1s</arg>
<doc>Pauses the test executed for the given time.</doc>
<status status="PASS" start="2024-10-22T21:00:19.359898" elapsed="1.000849"/>
</kw>
<arg>${identity_txt_lastName}</arg>
<arg>${lastName}</arg>
<status status="PASS" start="2024-10-22T21:00:19.236070" elapsed="1.124677"/>
</kw>
<kw name="Input Text">
<kw name="Input Text" owner="SeleniumLibrary">
<msg time="2024-10-22T21:00:20.360747" level="INFO">Typing text 'Julianne.OConner@kory.org' into text field '//input[@name='email']'.</msg>
<arg>${locator}</arg>
<arg>${text}</arg>
<doc>Types the given ``text`` into the text field identified by ``locator``.</doc>
<status status="PASS" start="2024-10-22T21:00:20.360747" elapsed="0.135671"/>
</kw>
<kw name="Sleep" owner="BuiltIn">
<msg time="2024-10-22T21:00:21.497336" level="INFO">Slept 1 second.</msg>
<arg>1s</arg>
<doc>Pauses the test executed for the given time.</doc>
<status status="PASS" start="2024-10-22T21:00:20.496418" elapsed="1.000918"/>
</kw>
<arg>${identity_txt_email}</arg>
<arg>${email}</arg>
<status status="PASS" start="2024-10-22T21:00:20.360747" elapsed="1.136589"/>
</kw>
<kw name="Input Date">
<kw name="Click Element At Coordinates" owner="SeleniumLibrary">
<msg time="2024-10-22T21:00:21.497336" level="INFO">Clicking element '//input[@type='date']' at coordinates x=0, y=0.</msg>
<arg>${locator}</arg>
<arg>0</arg>
<arg>0</arg>
<doc>Click the element ``locator`` at ``xoffset/yoffset``.</doc>
<status status="PASS" start="2024-10-22T21:00:21.497336" elapsed="0.551908"/>
</kw>
<kw name="Press Keys" owner="SeleniumLibrary">
<msg time="2024-10-22T21:00:22.049244" level="INFO">Sending key(s) ('06/02/1976',) to page.</msg>
<msg time="2024-10-22T21:00:22.049244" level="INFO">Sending keys 06/02/1976</msg>
<arg>None</arg>
<arg>${date}</arg>
<doc>Simulates the user pressing key(s) to an element or on the active browser.</doc>
<status status="PASS" start="2024-10-22T21:00:22.049244" elapsed="0.053794"/>
</kw>
<arg>${identity_txt_birthday}</arg>
<arg>${birthday}</arg>
<status status="PASS" start="2024-10-22T21:00:21.497336" elapsed="0.605702"/>
</kw>
<kw name="Input Text">
<kw name="Input Text" owner="SeleniumLibrary">
<msg time="2024-10-22T21:00:22.104033" level="INFO">Typing text 'Hoeger Mall' into text field '//textarea[@name='address']'.</msg>
<arg>${locator}</arg>
<arg>${text}</arg>
<doc>Types the given ``text`` into the text field identified by ``locator``.</doc>
<status status="PASS" start="2024-10-22T21:00:22.104033" elapsed="0.127180"/>
</kw>
<kw name="Sleep" owner="BuiltIn">
<msg time="2024-10-22T21:00:23.231627" level="INFO">Slept 1 second.</msg>
<arg>1s</arg>
<doc>Pauses the test executed for the given time.</doc>
<status status="PASS" start="2024-10-22T21:00:22.231213" elapsed="1.000414"/>
</kw>
<arg>${identity_txt_address}</arg>
<arg>${address}</arg>
<status status="PASS" start="2024-10-22T21:00:22.103038" elapsed="1.128589"/>
</kw>
<kw name="Input Text">
<kw name="Input Text" owner="SeleniumLibrary">
<msg time="2024-10-22T21:00:23.231627" level="INFO">Typing text 'South Elvis' into text field '//input[@name='city']'.</msg>
<arg>${locator}</arg>
<arg>${text}</arg>
<doc>Types the given ``text`` into the text field identified by ``locator``.</doc>
<status status="PASS" start="2024-10-22T21:00:23.231627" elapsed="0.110417"/>
</kw>
<kw name="Sleep" owner="BuiltIn">
<msg time="2024-10-22T21:00:24.342501" level="INFO">Slept 1 second.</msg>
<arg>1s</arg>
<doc>Pauses the test executed for the given time.</doc>
<status status="PASS" start="2024-10-22T21:00:23.342044" elapsed="1.000457"/>
</kw>
<arg>${identity_txt_city}</arg>
<arg>${city}</arg>
<status status="PASS" start="2024-10-22T21:00:23.231627" elapsed="1.110874"/>
</kw>
<kw name="Input Text">
<kw name="Input Text" owner="SeleniumLibrary">
<msg time="2024-10-22T21:00:24.342501" level="INFO">Typing text 'Traumatise' into text field '//input[@name='stateAbbr']'.</msg>
<arg>${locator}</arg>
<arg>${text}</arg>
<doc>Types the given ``text`` into the text field identified by ``locator``.</doc>
<status status="PASS" start="2024-10-22T21:00:24.342501" elapsed="0.102812"/>
</kw>
<kw name="Sleep" owner="BuiltIn">
<msg time="2024-10-22T21:00:25.445738" level="INFO">Slept 1 second.</msg>
<arg>1s</arg>
<doc>Pauses the test executed for the given time.</doc>
<status status="PASS" start="2024-10-22T21:00:24.445313" elapsed="1.000425"/>
</kw>
<arg>${identity_txt_stateAbbr}</arg>
<arg>${stateAbbr}</arg>
<status status="PASS" start="2024-10-22T21:00:24.342501" elapsed="1.103237"/>
</kw>
<kw name="Input Text">
<kw name="Input Text" owner="SeleniumLibrary">
<msg time="2024-10-22T21:00:25.445738" level="INFO">Typing text '53919-4257' into text field '//input[@name='zipcode']'.</msg>
<arg>${locator}</arg>
<arg>${text}</arg>
<doc>Types the given ``text`` into the text field identified by ``locator``.</doc>
<status status="PASS" start="2024-10-22T21:00:25.445738" elapsed="0.117569"/>
</kw>
<kw name="Sleep" owner="BuiltIn">
<msg time="2024-10-22T21:00:26.566494" level="INFO">Slept 1 second.</msg>
<arg>1s</arg>
<doc>Pauses the test executed for the given time.</doc>
<status status="PASS" start="2024-10-22T21:00:25.566318" elapsed="1.000176"/>
</kw>
<arg>${identity_txt_zipcode}</arg>
<arg>${zipcode}</arg>
<status status="PASS" start="2024-10-22T21:00:25.445738" elapsed="1.120756"/>
</kw>
<kw name="Input Text">
<kw name="Input Text" owner="SeleniumLibrary">
<msg time="2024-10-22T21:00:26.568024" level="INFO">Typing text 'MGWcSUgdC33HexTFd3QR' into text field '//input[@name='password']'.</msg>
<arg>${locator}</arg>
<arg>${text}</arg>
<doc>Types the given ``text`` into the text field identified by ``locator``.</doc>
<status status="PASS" start="2024-10-22T21:00:26.568024" elapsed="0.133707"/>
</kw>
<kw name="Sleep" owner="BuiltIn">
<msg time="2024-10-22T21:00:27.702861" level="INFO">Slept 1 second.</msg>
<arg>1s</arg>
<doc>Pauses the test executed for the given time.</doc>
<status status="PASS" start="2024-10-22T21:00:26.702732" elapsed="1.000129"/>
</kw>
<arg>${identity_txt_password}</arg>
<arg>${password}</arg>
<status status="PASS" start="2024-10-22T21:00:26.566494" elapsed="1.136367"/>
</kw>
<kw name="Input Text">
<kw name="Input Text" owner="SeleniumLibrary">
<msg time="2024-10-22T21:00:27.702861" level="INFO">Typing text 'MGWcSUgdC33HexTFd3QR' into text field '//input[@name='confirm_password']'.</msg>
<arg>${locator}</arg>
<arg>${text}</arg>
<doc>Types the given ``text`` into the text field identified by ``locator``.</doc>
<status status="PASS" start="2024-10-22T21:00:27.702861" elapsed="0.137352"/>
</kw>
<kw name="Sleep" owner="BuiltIn">
<msg time="2024-10-22T21:00:28.840536" level="INFO">Slept 1 second.</msg>
<arg>1s</arg>
<doc>Pauses the test executed for the given time.</doc>
<status status="PASS" start="2024-10-22T21:00:27.840213" elapsed="1.000323"/>
</kw>
<arg>${identity_txt_confirm_password}</arg>
<arg>${password}</arg>
<status status="PASS" start="2024-10-22T21:00:27.702861" elapsed="1.137675"/>
</kw>
<kw name="Click Element" owner="SeleniumLibrary">
<msg time="2024-10-22T21:00:28.840536" level="INFO">Clicking element '//button[@aria-label='Save']'.</msg>
<arg>${identity_btn_save}</arg>
<doc>Click the element identified by ``locator``.</doc>
<status status="PASS" start="2024-10-22T21:00:28.840536" elapsed="0.057330"/>
</kw>
<kw name="Sleep" owner="BuiltIn">
<msg time="2024-10-22T21:00:30.897971" level="INFO">Slept 2 seconds.</msg>
<arg>2s</arg>
<doc>Pauses the test executed for the given time.</doc>
<status status="PASS" start="2024-10-22T21:00:28.897866" elapsed="2.000105"/>
</kw>
<arg>${user}</arg>
<status status="PASS" start="2024-10-22T21:00:18.130473" elapsed="12.767498"/>
</kw>
<kw name="Append To List" owner="Collections">
<arg>${added_names_list}</arg>
<arg>${user['name']}</arg>
<doc>Adds ``values`` to the end of ``list``.</doc>
<status status="PASS" start="2024-10-22T21:00:30.897971" elapsed="0.000000"/>
</kw>
<var name="${user}">{'id': 4, 'name': 'Patricia Lebsack', 'username': 'Karianne', 'email': 'Julianne.OConner@kory.org', 'address': {'street': 'Hoeger Mall', 'suite': 'Apt. 692', 'city': 'South Elvis', 'zipcode': '53919-4...</var>
<status status="PASS" start="2024-10-22T21:00:17.695417" elapsed="13.202554"/>
</iter>
<iter>
<kw name="Go To Link">
<kw name="Click Element" owner="SeleniumLibrary">
<msg time="2024-10-22T21:00:30.897971" level="INFO">Clicking element '//a[text()="Customers"]'.</msg>
<arg>//a[text()="${text}"]</arg>
<doc>Click the element identified by ``locator``.</doc>
<status status="PASS" start="2024-10-22T21:00:30.897971" elapsed="0.258953"/>
</kw>
<kw name="Wait Until Element Is Visible" owner="SeleniumLibrary">
<arg>//tbody//tr</arg>
<doc>Waits until the element ``locator`` is visible.</doc>
<status status="PASS" start="2024-10-22T21:00:31.157926" elapsed="0.045251"/>
</kw>
<arg>Customers</arg>
<status status="PASS" start="2024-10-22T21:00:30.897971" elapsed="0.305206"/>
</kw>
<kw name="Open Add Identity Modal">
<kw name="Click Element" owner="SeleniumLibrary">
<msg time="2024-10-22T21:00:31.204176" level="INFO">Clicking element '//a[@aria-label="Create"]'.</msg>
<arg>//a[@aria-label="Create"]</arg>
<doc>Click the element identified by ``locator``.</doc>
<status status="PASS" start="2024-10-22T21:00:31.204176" elapsed="0.109600"/>
</kw>
<kw name="Wait Until Element Is Visible" owner="SeleniumLibrary">
<arg>${identity_txt_firstName}</arg>
<arg>timeout=40s</arg>
<doc>Waits until the element ``locator`` is visible.</doc>
<status status="PASS" start="2024-10-22T21:00:31.313776" elapsed="0.023147"/>
</kw>
<status status="PASS" start="2024-10-22T21:00:31.203177" elapsed="0.133746"/>
</kw>
<kw name="Add User">
<kw name="Set Variable" owner="BuiltIn">
<msg time="2024-10-22T21:00:31.337921" level="INFO">${name} = Chelsey Dietrich</msg>
<var>${name}</var>
<arg>${user['name']}</arg>
<doc>Returns the given values which can then be assigned to a variables.</doc>
<status status="PASS" start="2024-10-22T21:00:31.336923" elapsed="0.000998"/>
</kw>
<kw name="Evaluate" owner="BuiltIn">
<msg time="2024-10-22T21:00:31.337921" level="INFO">${firstName} = Chelsey</msg>
<var>${firstName}</var>
<arg>" ".join("${name}".split()[:-1]).strip()</arg>
<doc>Evaluates the given expression in Python and returns the result.</doc>
<status status="PASS" start="2024-10-22T21:00:31.337921" elapsed="0.000000"/>
</kw>
<kw name="Evaluate" owner="BuiltIn">
<msg time="2024-10-22T21:00:31.338921" level="INFO">${lastName} = Dietrich</msg>
<var>${lastName}</var>
<arg>" ".join("${name}".split()[-1:]).strip()</arg>
<doc>Evaluates the given expression in Python and returns the result.</doc>
<status status="PASS" start="2024-10-22T21:00:31.337921" elapsed="0.001000"/>
</kw>
<kw name="Set Variable" owner="BuiltIn">
<msg time="2024-10-22T21:00:31.338921" level="INFO">${email} = Lucio_Hettinger@annie.ca</msg>
<var>${email}</var>
<arg>${user['email']}</arg>
<doc>Returns the given values which can then be assigned to a variables.</doc>
<status status="PASS" start="2024-10-22T21:00:31.338921" elapsed="0.000000"/>
</kw>
<kw name="Set Variable" owner="BuiltIn">
<msg time="2024-10-22T21:00:31.339922" level="INFO">${birthday} = 11/24/2007</msg>
<var>${birthday}</var>
<arg>${user['birthday']}</arg>
<doc>Returns the given values which can then be assigned to a variables.</doc>
<status status="PASS" start="2024-10-22T21:00:31.338921" elapsed="0.001001"/>
</kw>
<kw name="Set Variable" owner="BuiltIn">
<msg time="2024-10-22T21:00:31.339922" level="INFO">${address} = Skiles Walks</msg>
<var>${address}</var>
<arg>${user['address']['street']}</arg>
<doc>Returns the given values which can then be assigned to a variables.</doc>
<status status="PASS" start="2024-10-22T21:00:31.339922" elapsed="0.000000"/>
</kw>
<kw name="Set Variable" owner="BuiltIn">
<msg time="2024-10-22T21:00:31.340921" level="INFO">${city} = Roscoeview</msg>
<var>${city}</var>
<arg>${user['address']['city']}</arg>
<doc>Returns the given values which can then be assigned to a variables.</doc>
<status status="PASS" start="2024-10-22T21:00:31.340921" elapsed="0.000000"/>
</kw>
<kw name="Set Variable" owner="BuiltIn">
<msg time="2024-10-22T21:00:31.341921" level="INFO">${stateAbbr} = Greasy</msg>
<var>${stateAbbr}</var>
<arg>${user['address']['state']}</arg>
<doc>Returns the given values which can then be assigned to a variables.</doc>
<status status="PASS" start="2024-10-22T21:00:31.340921" elapsed="0.001000"/>
</kw>
<kw name="Set Variable" owner="BuiltIn">
<msg time="2024-10-22T21:00:31.341921" level="INFO">${zipcode} = 33263</msg>
<var>${zipcode}</var>
<arg>${user['address']['zipcode']}</arg>
<doc>Returns the given values which can then be assigned to a variables.</doc>
<status status="PASS" start="2024-10-22T21:00:31.341921" elapsed="0.000000"/>
</kw>
<kw name="Generate Password" owner="Users">
<msg time="2024-10-22T21:00:31.341921" level="INFO">${password} = GTsOuS6HofacM5g5QyxC</msg>
<var>${password}</var>
<status status="PASS" start="2024-10-22T21:00:31.341921" elapsed="0.001000"/>
</kw>
<kw name="Input Text">
<kw name="Input Text" owner="SeleniumLibrary">
<msg time="2024-10-22T21:00:31.342921" level="INFO">Typing text 'Chelsey' into text field '//input[@name='first_name']'.</msg>
<arg>${locator}</arg>
<arg>${text}</arg>
<doc>Types the given ``text`` into the text field identified by ``locator``.</doc>
<status status="PASS" start="2024-10-22T21:00:31.342921" elapsed="0.093325"/>
</kw>
<kw name="Sleep" owner="BuiltIn">
<msg time="2024-10-22T21:00:32.436371" level="INFO">Slept 1 second.</msg>
<arg>1s</arg>
<doc>Pauses the test executed for the given time.</doc>
<status status="PASS" start="2024-10-22T21:00:31.436246" elapsed="1.000125"/>
</kw>
<arg>${identity_txt_firstName}</arg>
<arg>${firstName}</arg>
<status status="PASS" start="2024-10-22T21:00:31.342921" elapsed="1.093450"/>
</kw>
<kw name="Input Text">
<kw name="Input Text" owner="SeleniumLibrary">
<msg time="2024-10-22T21:00:32.436371" level="INFO">Typing text 'Dietrich' into text field '//input[@name='last_name']'.</msg>
<arg>${locator}</arg>
<arg>${text}</arg>
<doc>Types the given ``text`` into the text field identified by ``locator``.</doc>
<status status="PASS" start="2024-10-22T21:00:32.436371" elapsed="0.098485"/>
</kw>
<kw name="Sleep" owner="BuiltIn">
<msg time="2024-10-22T21:00:33.535325" level="INFO">Slept 1 second.</msg>
<arg>1s</arg>
<doc>Pauses the test executed for the given time.</doc>
<status status="PASS" start="2024-10-22T21:00:32.534856" elapsed="1.000469"/>
</kw>
<arg>${identity_txt_lastName}</arg>
<arg>${lastName}</arg>
<status status="PASS" start="2024-10-22T21:00:32.436371" elapsed="1.098954"/>
</kw>
<kw name="Input Text">
<kw name="Input Text" owner="SeleniumLibrary">
<msg time="2024-10-22T21:00:33.535325" level="INFO">Typing text 'Lucio_Hettinger@annie.ca' into text field '//input[@name='email']'.</msg>
<arg>${locator}</arg>
<arg>${text}</arg>
<doc>Types the given ``text`` into the text field identified by ``locator``.</doc>
<status status="PASS" start="2024-10-22T21:00:33.535325" elapsed="0.138771"/>
</kw>
<kw name="Sleep" owner="BuiltIn">
<msg time="2024-10-22T21:00:34.674161" level="INFO">Slept 1 second.</msg>
<arg>1s</arg>
<doc>Pauses the test executed for the given time.</doc>
<status status="PASS" start="2024-10-22T21:00:33.674096" elapsed="1.000065"/>
</kw>
<arg>${identity_txt_email}</arg>
<arg>${email}</arg>
<status status="PASS" start="2024-10-22T21:00:33.535325" elapsed="1.138836"/>
</kw>
<kw name="Input Date">
<kw name="Click Element At Coordinates" owner="SeleniumLibrary">
<msg time="2024-10-22T21:00:34.674161" level="INFO">Clicking element '//input[@type='date']' at coordinates x=0, y=0.</msg>
<arg>${locator}</arg>
<arg>0</arg>
<arg>0</arg>
<doc>Click the element ``locator`` at ``xoffset/yoffset``.</doc>
<status status="PASS" start="2024-10-22T21:00:34.674161" elapsed="0.548346"/>
</kw>
<kw name="Press Keys" owner="SeleniumLibrary">
<msg time="2024-10-22T21:00:35.222507" level="INFO">Sending key(s) ('11/24/2007',) to page.</msg>
<msg time="2024-10-22T21:00:35.222507" level="INFO">Sending keys 11/24/2007</msg>
<arg>None</arg>
<arg>${date}</arg>
<doc>Simulates the user pressing key(s) to an element or on the active browser.</doc>
<status status="PASS" start="2024-10-22T21:00:35.222507" elapsed="0.041140"/>
</kw>
<arg>${identity_txt_birthday}</arg>
<arg>${birthday}</arg>
<status status="PASS" start="2024-10-22T21:00:34.674161" elapsed="0.589486"/>
</kw>
<kw name="Input Text">
<kw name="Input Text" owner="SeleniumLibrary">
<msg time="2024-10-22T21:00:35.263647" level="INFO">Typing text 'Skiles Walks' into text field '//textarea[@name='address']'.</msg>
<arg>${locator}</arg>
<arg>${text}</arg>
<doc>Types the given ``text`` into the text field identified by ``locator``.</doc>
<status status="PASS" start="2024-10-22T21:00:35.263647" elapsed="0.122590"/>
</kw>
<kw name="Sleep" owner="BuiltIn">
<msg time="2024-10-22T21:00:36.386561" level="INFO">Slept 1 second.</msg>
<arg>1s</arg>
<doc>Pauses the test executed for the given time.</doc>
<status status="PASS" start="2024-10-22T21:00:35.386237" elapsed="1.000324"/>
</kw>
<arg>${identity_txt_address}</arg>
<arg>${address}</arg>
<status status="PASS" start="2024-10-22T21:00:35.263647" elapsed="1.122914"/>
</kw>
<kw name="Input Text">
<kw name="Input Text" owner="SeleniumLibrary">
<msg time="2024-10-22T21:00:36.386561" level="INFO">Typing text 'Roscoeview' into text field '//input[@name='city']'.</msg>
<arg>${locator}</arg>
<arg>${text}</arg>
<doc>Types the given ``text`` into the text field identified by ``locator``.</doc>
<status status="PASS" start="2024-10-22T21:00:36.386561" elapsed="0.105670"/>
</kw>
<kw name="Sleep" owner="BuiltIn">
<msg time="2024-10-22T21:00:37.492819" level="INFO">Slept 1 second.</msg>
<arg>1s</arg>
<doc>Pauses the test executed for the given time.</doc>
<status status="PASS" start="2024-10-22T21:00:36.492231" elapsed="1.000588"/>
</kw>
<arg>${identity_txt_city}</arg>
<arg>${city}</arg>
<status status="PASS" start="2024-10-22T21:00:36.386561" elapsed="1.107250"/>
</kw>
<kw name="Input Text">
<kw name="Input Text" owner="SeleniumLibrary">
<msg time="2024-10-22T21:00:37.494820" level="INFO">Typing text 'Greasy' into text field '//input[@name='stateAbbr']'.</msg>
<arg>${locator}</arg>
<arg>${text}</arg>
<doc>Types the given ``text`` into the text field identified by ``locator``.</doc>
<status status="PASS" start="2024-10-22T21:00:37.494820" elapsed="0.107371"/>
</kw>
<kw name="Sleep" owner="BuiltIn">
<msg time="2024-10-22T21:00:38.602197" level="INFO">Slept 1 second.</msg>
<arg>1s</arg>
<doc>Pauses the test executed for the given time.</doc>
<status status="PASS" start="2024-10-22T21:00:37.602191" elapsed="1.000006"/>
</kw>
<arg>${identity_txt_stateAbbr}</arg>
<arg>${stateAbbr}</arg>
<status status="PASS" start="2024-10-22T21:00:37.493811" elapsed="1.108386"/>
</kw>
<kw name="Input Text">
<kw name="Input Text" owner="SeleniumLibrary">
<msg time="2024-10-22T21:00:38.602197" level="INFO">Typing text '33263' into text field '//input[@name='zipcode']'.</msg>
<arg>${locator}</arg>
<arg>${text}</arg>
<doc>Types the given ``text`` into the text field identified by ``locator``.</doc>
<status status="PASS" start="2024-10-22T21:00:38.602197" elapsed="0.089242"/>
</kw>
<kw name="Sleep" owner="BuiltIn">
<msg time="2024-10-22T21:00:39.694805" level="INFO">Slept 1 second.</msg>
<arg>1s</arg>
<doc>Pauses the test executed for the given time.</doc>
<status status="PASS" start="2024-10-22T21:00:38.694731" elapsed="1.000074"/>
</kw>
<arg>${identity_txt_zipcode}</arg>
<arg>${zipcode}</arg>
<status status="PASS" start="2024-10-22T21:00:38.602197" elapsed="1.092608"/>
</kw>
<kw name="Input Text">
<kw name="Input Text" owner="SeleniumLibrary">
<msg time="2024-10-22T21:00:39.694805" level="INFO">Typing text 'GTsOuS6HofacM5g5QyxC' into text field '//input[@name='password']'.</msg>
<arg>${locator}</arg>
<arg>${text}</arg>
<doc>Types the given ``text`` into the text field identified by ``locator``.</doc>
<status status="PASS" start="2024-10-22T21:00:39.694805" elapsed="0.124927"/>
</kw>
<kw name="Sleep" owner="BuiltIn">
<msg time="2024-10-22T21:00:40.820339" level="INFO">Slept 1 second.</msg>
<arg>1s</arg>
<doc>Pauses the test executed for the given time.</doc>
<status status="PASS" start="2024-10-22T21:00:39.819732" elapsed="1.000607"/>
</kw>
<arg>${identity_txt_password}</arg>
<arg>${password}</arg>
<status status="PASS" start="2024-10-22T21:00:39.694805" elapsed="1.125534"/>
</kw>
<kw name="Input Text">
<kw name="Input Text" owner="SeleniumLibrary">
<msg time="2024-10-22T21:00:40.820339" level="INFO">Typing text 'GTsOuS6HofacM5g5QyxC' into text field '//input[@name='confirm_password']'.</msg>
<arg>${locator}</arg>
<arg>${text}</arg>
<doc>Types the given ``text`` into the text field identified by ``locator``.</doc>
[...]
</kw>
<kw name="Log To Console" owner="BuiltIn">
<arg>News : ${cust_news}</arg>
<doc>Logs the given message to the console.</doc>
<status status="PASS" start="2024-10-22T21:02:04.799492" elapsed="0.000000"/>
</kw>
<kw name="Log To Console" owner="BuiltIn">
<arg>Segment : ${cust_segment}</arg>
<doc>Logs the given message to the console.</doc>
<status status="PASS" start="2024-10-22T21:02:04.799492" elapsed="0.000000"/>
</kw>
<kw name="Log To Console" owner="BuiltIn">
<arg>----------------------------------</arg>
<doc>Logs the given message to the console.</doc>
<status status="PASS" start="2024-10-22T21:02:04.799492" elapsed="0.000000"/>
</kw>
<if>
<branch type="IF" condition="${cust_orders} == 0">
<kw name="Append To List" owner="Collections">
<arg>${cust_orders_list}</arg>
<arg>${consolidated_cust_name}</arg>
<doc>Adds ``values`` to the end of ``list``.</doc>
<status status="PASS" start="2024-10-22T21:02:04.799492" elapsed="0.000000"/>
</kw>
<status status="PASS" start="2024-10-22T21:02:04.799492" elapsed="0.000000"/>
</branch>
<status status="PASS" start="2024-10-22T21:02:04.799492" elapsed="0.000000"/>
</if>
<var name="${index}">23</var>
<status status="PASS" start="2024-10-22T21:02:04.656694" elapsed="0.142798"/>
</iter>
<iter>
<kw name="Set Variable" owner="BuiltIn">
<msg time="2024-10-22T21:02:04.799492" level="INFO">${user_create_row} = Existing User</msg>
<var>${user_create_row}</var>
<arg>Existing User</arg>
<doc>Returns the given values which can then be assigned to a variables.</doc>
<status status="PASS" start="2024-10-22T21:02:04.799492" elapsed="0.000000"/>
</kw>
<kw name="Get Text" owner="SeleniumLibrary">
<msg time="2024-10-22T21:02:04.827979" level="INFO">${cust_name} = Dorian Hoeger</msg>
<var>${cust_name}</var>
<arg>//tbody//tr[${index}]/td[2]</arg>
<doc>Returns the text value of the element identified by ``locator``.</doc>
<status status="PASS" start="2024-10-22T21:02:04.799492" elapsed="0.028487"/>
</kw>
<kw name="Evaluate" owner="BuiltIn">
<msg time="2024-10-22T21:02:04.827979" level="INFO">${consolidated_cust_name} = orian Hoeger</msg>
<var>${consolidated_cust_name}</var>
<arg>r"""${cust_name}""".replace("\\n", "").strip()[1:]</arg>
<doc>Evaluates the given expression in Python and returns the result.</doc>
<status status="PASS" start="2024-10-22T21:02:04.827979" elapsed="0.000000"/>
</kw>
<if>
<branch type="IF" condition="&quot;${consolidated_cust_name}&quot; in @{ADDED_NAMES_LIST}">
<kw name="Set Variable" owner="BuiltIn">
<var>${user_create_row}</var>
<arg>Test Created User</arg>
<doc>Returns the given values which can then be assigned to a variables.</doc>
<status status="NOT RUN" start="2024-10-22T21:02:04.828977" elapsed="0.000000"/>
</kw>
<status status="NOT RUN" start="2024-10-22T21:02:04.827979" elapsed="0.000998"/>
</branch>
<status status="PASS" start="2024-10-22T21:02:04.827979" elapsed="0.000998"/>
</if>
<kw name="Get Text" owner="SeleniumLibrary">
<msg time="2024-10-22T21:02:04.850140" level="INFO">${cust_last_seen} = 10/21/2024</msg>
<var>${cust_last_seen}</var>
<arg>//tbody//tr[${index}]//td[3]</arg>
<doc>Returns the text value of the element identified by ``locator``.</doc>
<status status="PASS" start="2024-10-22T21:02:04.828977" elapsed="0.021163"/>
</kw>
<kw name="Get Text" owner="SeleniumLibrary">
<msg time="2024-10-22T21:02:04.879623" level="INFO">${cust_orders} = 4</msg>
<var>${cust_orders}</var>
<arg>//tbody//tr[${index}]//td[4]</arg>
<doc>Returns the text value of the element identified by ``locator``.</doc>
<status status="PASS" start="2024-10-22T21:02:04.850140" elapsed="0.029483"/>
</kw>
<kw name="Get Text" owner="SeleniumLibrary">
<msg time="2024-10-22T21:02:04.901893" level="INFO">${cust_total_spent} = $352.99</msg>
<var>${cust_total_spent}</var>
<arg>//tbody//tr[${index}]//td[5]</arg>
<doc>Returns the text value of the element identified by ``locator``.</doc>
<status status="PASS" start="2024-10-22T21:02:04.879623" elapsed="0.023271"/>
</kw>
<kw name="Get Text" owner="SeleniumLibrary">
<msg time="2024-10-22T21:02:04.923027" level="INFO">${cust_lastest_purchase} = 10/20/2024, 6:38:24 AM</msg>
<var>${cust_lastest_purchase}</var>
<arg>//tbody//tr[${index}]//td[6]</arg>
<doc>Returns the text value of the element identified by ``locator``.</doc>
<status status="PASS" start="2024-10-22T21:02:04.902894" elapsed="0.020133"/>
</kw>
<kw name="Get Text" owner="SeleniumLibrary">
<msg time="2024-10-22T21:02:04.938647" level="INFO">${cust_news} = </msg>
<var>${cust_news}</var>
<arg>//tbody//tr[${index}]//td[7]</arg>
<doc>Returns the text value of the element identified by ``locator``.</doc>
<status status="PASS" start="2024-10-22T21:02:04.923027" elapsed="0.015620"/>
</kw>
<kw name="Get Text" owner="SeleniumLibrary">
<msg time="2024-10-22T21:02:04.954280" level="INFO">${cust_segment} = Returns</msg>
<var>${cust_segment}</var>
<arg>//tbody//tr[${index}]//td[8]</arg>
<doc>Returns the text value of the element identified by ``locator``.</doc>
<status status="PASS" start="2024-10-22T21:02:04.938647" elapsed="0.015633"/>
</kw>
<kw name="Log To Console" owner="BuiltIn">
<arg>\n---------- USER ${index} ----------</arg>
<doc>Logs the given message to the console.</doc>
<status status="PASS" start="2024-10-22T21:02:04.954280" elapsed="0.000000"/>
</kw>
<kw name="Log To Console" owner="BuiltIn">
<arg>${user_create_row} : ${consolidated_cust_name}</arg>
<doc>Logs the given message to the console.</doc>
<status status="PASS" start="2024-10-22T21:02:04.954280" elapsed="0.000000"/>
</kw>
<kw name="Log To Console" owner="BuiltIn">
<arg>Last Seen : ${cust_last_seen}</arg>
<doc>Logs the given message to the console.</doc>
<status status="PASS" start="2024-10-22T21:02:04.954280" elapsed="0.015617"/>
</kw>
<kw name="Log To Console" owner="BuiltIn">
<arg>Orders : ${cust_orders}</arg>
<doc>Logs the given message to the console.</doc>
<status status="PASS" start="2024-10-22T21:02:04.969897" elapsed="0.000000"/>
</kw>
<kw name="Log To Console" owner="BuiltIn">
<arg>Total Spent : ${cust_total_spent}</arg>
<doc>Logs the given message to the console.</doc>
<status status="PASS" start="2024-10-22T21:02:04.969897" elapsed="0.000000"/>
</kw>
<kw name="Log To Console" owner="BuiltIn">
<arg>Latest Purchase : ${cust_lastest_purchase}</arg>
<doc>Logs the given message to the console.</doc>
<status status="PASS" start="2024-10-22T21:02:04.969897" elapsed="0.000000"/>
</kw>
<kw name="Log To Console" owner="BuiltIn">
<arg>News : ${cust_news}</arg>
<doc>Logs the given message to the console.</doc>
<status status="PASS" start="2024-10-22T21:02:04.969897" elapsed="0.000000"/>
</kw>
<kw name="Log To Console" owner="BuiltIn">
<arg>Segment : ${cust_segment}</arg>
<doc>Logs the given message to the console.</doc>
<status status="PASS" start="2024-10-22T21:02:04.969897" elapsed="0.000000"/>
</kw>
<kw name="Log To Console" owner="BuiltIn">
<arg>----------------------------------</arg>
<doc>Logs the given message to the console.</doc>
<status status="PASS" start="2024-10-22T21:02:04.969897" elapsed="0.000000"/>
</kw>
<if>
<branch type="IF" condition="${cust_orders} == 0">
<kw name="Append To List" owner="Collections">
<arg>${cust_orders_list}</arg>
<arg>${consolidated_cust_name}</arg>
<doc>Adds ``values`` to the end of ``list``.</doc>
<status status="NOT RUN" start="2024-10-22T21:02:04.969897" elapsed="0.000000"/>
</kw>
<status status="NOT RUN" start="2024-10-22T21:02:04.969897" elapsed="0.000000"/>
</branch>
<status status="PASS" start="2024-10-22T21:02:04.969897" elapsed="0.000000"/>
</if>
<var name="${index}">24</var>
<status status="PASS" start="2024-10-22T21:02:04.799492" elapsed="0.170405"/>
</iter>
<iter>
<kw name="Set Variable" owner="BuiltIn">
<msg time="2024-10-22T21:02:04.969897" level="INFO">${user_create_row} = Existing User</msg>
<var>${user_create_row}</var>
<arg>Existing User</arg>
<doc>Returns the given values which can then be assigned to a variables.</doc>
<status status="PASS" start="2024-10-22T21:02:04.969897" elapsed="0.000000"/>
</kw>
<kw name="Get Text" owner="SeleniumLibrary">
<msg time="2024-10-22T21:02:04.991541" level="INFO">${cust_name} = Verda Dicki</msg>
<var>${cust_name}</var>
<arg>//tbody//tr[${index}]/td[2]</arg>
<doc>Returns the text value of the element identified by ``locator``.</doc>
<status status="PASS" start="2024-10-22T21:02:04.969897" elapsed="0.021644"/>
</kw>
<kw name="Evaluate" owner="BuiltIn">
<msg time="2024-10-22T21:02:04.991541" level="INFO">${consolidated_cust_name} = erda Dicki</msg>
<var>${consolidated_cust_name}</var>
<arg>r"""${cust_name}""".replace("\\n", "").strip()[1:]</arg>
<doc>Evaluates the given expression in Python and returns the result.</doc>
<status status="PASS" start="2024-10-22T21:02:04.991541" elapsed="0.000000"/>
</kw>
<if>
<branch type="IF" condition="&quot;${consolidated_cust_name}&quot; in @{ADDED_NAMES_LIST}">
<kw name="Set Variable" owner="BuiltIn">
<var>${user_create_row}</var>
<arg>Test Created User</arg>
<doc>Returns the given values which can then be assigned to a variables.</doc>
<status status="NOT RUN" start="2024-10-22T21:02:04.991541" elapsed="0.000000"/>
</kw>
<status status="NOT RUN" start="2024-10-22T21:02:04.991541" elapsed="0.000998"/>
</branch>
<status status="PASS" start="2024-10-22T21:02:04.991541" elapsed="0.000998"/>
</if>
<kw name="Get Text" owner="SeleniumLibrary">
<msg time="2024-10-22T21:02:05.016618" level="INFO">${cust_last_seen} = 10/21/2024</msg>
<var>${cust_last_seen}</var>
<arg>//tbody//tr[${index}]//td[3]</arg>
<doc>Returns the text value of the element identified by ``locator``.</doc>
<status status="PASS" start="2024-10-22T21:02:04.992539" elapsed="0.024079"/>
</kw>
<kw name="Get Text" owner="SeleniumLibrary">
<msg time="2024-10-22T21:02:05.045812" level="INFO">${cust_orders} = 2</msg>
<var>${cust_orders}</var>
<arg>//tbody//tr[${index}]//td[4]</arg>
<doc>Returns the text value of the element identified by ``locator``.</doc>
<status status="PASS" start="2024-10-22T21:02:05.017617" elapsed="0.028195"/>
</kw>
<kw name="Get Text" owner="SeleniumLibrary">
<msg time="2024-10-22T21:02:05.067909" level="INFO">${cust_total_spent} = $162.14</msg>
<var>${cust_total_spent}</var>
<arg>//tbody//tr[${index}]//td[5]</arg>
<doc>Returns the text value of the element identified by ``locator``.</doc>
<status status="PASS" start="2024-10-22T21:02:05.045812" elapsed="0.022097"/>
</kw>
<kw name="Get Text" owner="SeleniumLibrary">
<msg time="2024-10-22T21:02:05.090975" level="INFO">${cust_lastest_purchase} = 5/13/2024, 1:23:27 PM</msg>
<var>${cust_lastest_purchase}</var>
<arg>//tbody//tr[${index}]//td[6]</arg>
<doc>Returns the text value of the element identified by ``locator``.</doc>
<status status="PASS" start="2024-10-22T21:02:05.068919" elapsed="0.022056"/>
</kw>
<kw name="Get Text" owner="SeleniumLibrary">
<msg time="2024-10-22T21:02:05.111910" level="INFO">${cust_news} = </msg>
<var>${cust_news}</var>
<arg>//tbody//tr[${index}]//td[7]</arg>
<doc>Returns the text value of the element identified by ``locator``.</doc>
<status status="PASS" start="2024-10-22T21:02:05.090975" elapsed="0.020935"/>
</kw>
<kw name="Get Text" owner="SeleniumLibrary">
<msg time="2024-10-22T21:02:05.132990" level="INFO">${cust_segment} = Reviewer</msg>
<var>${cust_segment}</var>
<arg>//tbody//tr[${index}]//td[8]</arg>
<doc>Returns the text value of the element identified by ``locator``.</doc>
<status status="PASS" start="2024-10-22T21:02:05.111910" elapsed="0.021080"/>
</kw>
<kw name="Log To Console" owner="BuiltIn">
<arg>\n---------- USER ${index} ----------</arg>
<doc>Logs the given message to the console.</doc>
<status status="PASS" start="2024-10-22T21:02:05.132990" elapsed="0.000000"/>
</kw>
<kw name="Log To Console" owner="BuiltIn">
<arg>${user_create_row} : ${consolidated_cust_name}</arg>
<doc>Logs the given message to the console.</doc>
<status status="PASS" start="2024-10-22T21:02:05.132990" elapsed="0.001000"/>
</kw>
<kw name="Log To Console" owner="BuiltIn">
<arg>Last Seen : ${cust_last_seen}</arg>
<doc>Logs the given message to the console.</doc>
<status status="PASS" start="2024-10-22T21:02:05.133990" elapsed="0.000000"/>
</kw>
<kw name="Log To Console" owner="BuiltIn">
<arg>Orders : ${cust_orders}</arg>
<doc>Logs the given message to the console.</doc>
<status status="PASS" start="2024-10-22T21:02:05.133990" elapsed="0.001000"/>
</kw>
<kw name="Log To Console" owner="BuiltIn">
<arg>Total Spent : ${cust_total_spent}</arg>
<doc>Logs the given message to the console.</doc>
<status status="PASS" start="2024-10-22T21:02:05.134990" elapsed="0.000000"/>
</kw>
<kw name="Log To Console" owner="BuiltIn">
<arg>Latest Purchase : ${cust_lastest_purchase}</arg>
<doc>Logs the given message to the console.</doc>
<status status="PASS" start="2024-10-22T21:02:05.134990" elapsed="0.000000"/>
</kw>
<kw name="Log To Console" owner="BuiltIn">
<arg>News : ${cust_news}</arg>
<doc>Logs the given message to the console.</doc>
<status status="PASS" start="2024-10-22T21:02:05.134990" elapsed="0.001000"/>
</kw>
<kw name="Log To Console" owner="BuiltIn">
<arg>Segment : ${cust_segment}</arg>
<doc>Logs the given message to the console.</doc>
<status status="PASS" start="2024-10-22T21:02:05.135990" elapsed="0.000000"/>
</kw>
<kw name="Log To Console" owner="BuiltIn">
<arg>----------------------------------</arg>
<doc>Logs the given message to the console.</doc>
<status status="PASS" start="2024-10-22T21:02:05.135990" elapsed="0.000000"/>
</kw>
<if>
<branch type="IF" condition="${cust_orders} == 0">
<kw name="Append To List" owner="Collections">
<arg>${cust_orders_list}</arg>
<arg>${consolidated_cust_name}</arg>
<doc>Adds ``values`` to the end of ``list``.</doc>
<status status="NOT RUN" start="2024-10-22T21:02:05.135990" elapsed="0.000000"/>
</kw>
<status status="NOT RUN" start="2024-10-22T21:02:05.135990" elapsed="0.001001"/>
</branch>
<status status="PASS" start="2024-10-22T21:02:05.135990" elapsed="0.001001"/>
</if>
<var name="${index}">25</var>
<status status="PASS" start="2024-10-22T21:02:04.969897" elapsed="0.167094"/>
</iter>
<var>${index}</var>
<value>1</value>
<value>${cust_table_data_len}+1</value>
<status status="PASS" start="2024-10-22T21:02:00.950551" elapsed="4.186440"/>
</for>
<kw name="Set Suite Variable" owner="BuiltIn">
<msg time="2024-10-22T21:02:05.137990" level="INFO">${CUST_ORDER_WITH_ZERO_LIST} = ['Clementina DuBuque', 'Glenna Reichert', 'Nicholas Runolfsdottir V', 'Kurtis Weissnat', 'Mrs. Dennis Schulist', 'Chelsey Dietrich', 'Patricia Lebsack', 'Clementine Bauch', 'Ervin Howell', 'Leanne Gra...</msg>
<arg>${CUST_ORDER_WITH_ZERO_LIST}</arg>
<arg>${cust_orders_list}</arg>
<doc>Makes a variable available everywhere within the scope of the current suite.</doc>
<status status="PASS" start="2024-10-22T21:02:05.136991" elapsed="0.000999"/>
</kw>
<status status="PASS" start="2024-10-22T21:02:00.938473" elapsed="4.199517"/>
</kw>
<kw name="Sleep" owner="BuiltIn">
<msg time="2024-10-22T21:02:07.138033" level="INFO">Slept 2 seconds.</msg>
<arg>2s</arg>
<doc>Pauses the test executed for the given time.</doc>
<status status="PASS" start="2024-10-22T21:02:05.137990" elapsed="2.000043"/>
</kw>
<status status="PASS" start="2024-10-22T20:59:20.616997" elapsed="166.521036"/>
</test>
<test id="s1-s1-s1-t2" name="TEST CASE NO. 2" line="22">
<kw name="Check Customers With Zero Orders">
<kw name="Get Length" owner="BuiltIn">
<msg time="2024-10-22T21:02:07.141032" level="INFO">Length is 21.</msg>
<msg time="2024-10-22T21:02:07.141032" level="INFO">${zero_order_len} = 21</msg>
<var>${zero_order_len}</var>
<arg>${CUST_ORDER_WITH_ZERO_LIST}</arg>
<doc>Returns and logs the length of the given item as an integer.</doc>
<status status="PASS" start="2024-10-22T21:02:07.140033" elapsed="0.000999"/>
</kw>
<if>
<branch type="IF" condition="${zero_order_len} &gt;= 1">
<kw name="Fail" owner="BuiltIn">
<msg time="2024-10-22T21:02:07.142032" level="FAIL">Users with zero orders found: ['Clementina DuBuque', 'Glenna Reichert', 'Nicholas Runolfsdottir V', 'Kurtis Weissnat', 'Mrs. Dennis Schulist', 'Chelsey Dietrich', 'Patricia Lebsack', 'Clementine Bauch', 'Ervin Howell', 'Leanne Graham', 'Ivory Konopelski', 'Willa Padberg', 'Tyree Ziemann', 'Berniece Thompson', 'Orville Lind', 'Amaya Lang', 'Earline Becker', 'Carmela Schultz', 'Mateo Feest', 'Gregoria Grimes', 'Matilda Turner']</msg>
<arg>Users with zero orders found: ${CUST_ORDER_WITH_ZERO_LIST}</arg>
<doc>Fails the test with the given message and optionally alters its tags.</doc>
<status status="FAIL" start="2024-10-22T21:02:07.141032" elapsed="0.001000">Users with zero orders found: ['Clementina DuBuque', 'Glenna Reichert', 'Nicholas Runolfsdottir V', 'Kurtis Weissnat', 'Mrs. Dennis Schulist', 'Chelsey Dietrich', 'Patricia Lebsack', 'Clementine Bauch', 'Ervin Howell', 'Leanne Graham', 'Ivory Konopelski', 'Willa Padberg', 'Tyree Ziemann', 'Berniece Thompson', 'Orville Lind', 'Amaya Lang', 'Earline Becker', 'Carmela Schultz', 'Mateo Feest', 'Gregoria Grimes', 'Matilda Turner']</status>
</kw>
<status status="FAIL" start="2024-10-22T21:02:07.141032" elapsed="0.001000">Users with zero orders found: ['Clementina DuBuque', 'Glenna Reichert', 'Nicholas Runolfsdottir V', 'Kurtis Weissnat', 'Mrs. Dennis Schulist', 'Chelsey Dietrich', 'Patricia Lebsack', 'Clementine Bauch', 'Ervin Howell', 'Leanne Graham', 'Ivory Konopelski', 'Willa Padberg', 'Tyree Ziemann', 'Berniece Thompson', 'Orville Lind', 'Amaya Lang', 'Earline Becker', 'Carmela Schultz', 'Mateo Feest', 'Gregoria Grimes', 'Matilda Turner']</status>
</branch>
<status status="FAIL" start="2024-10-22T21:02:07.141032" elapsed="0.001000">Users with zero orders found: ['Clementina DuBuque', 'Glenna Reichert', 'Nicholas Runolfsdottir V', 'Kurtis Weissnat', 'Mrs. Dennis Schulist', 'Chelsey Dietrich', 'Patricia Lebsack', 'Clementine Bauch', 'Ervin Howell', 'Leanne Graham', 'Ivory Konopelski', 'Willa Padberg', 'Tyree Ziemann', 'Berniece Thompson', 'Orville Lind', 'Amaya Lang', 'Earline Becker', 'Carmela Schultz', 'Mateo Feest', 'Gregoria Grimes', 'Matilda Turner']</status>
</if>
<status status="FAIL" start="2024-10-22T21:02:07.140033" elapsed="0.001999">Users with zero orders found: ['Clementina DuBuque', 'Glenna Reichert', 'Nicholas Runolfsdottir V', 'Kurtis Weissnat', 'Mrs. Dennis Schulist', 'Chelsey Dietrich', 'Patricia Lebsack', 'Clementine Bauch', 'Ervin Howell', 'Leanne Graham', 'Ivory Konopelski', 'Willa Padberg', 'Tyree Ziemann', 'Berniece Thompson', 'Orville Lind', 'Amaya Lang', 'Earline Becker', 'Carmela Schultz', 'Mateo Feest', 'Gregoria Grimes', 'Matilda Turner']</status>
</kw>
<status status="FAIL" start="2024-10-22T21:02:07.139033" elapsed="0.002999">Users with zero orders found: ['Clementina DuBuque', 'Glenna Reichert', 'Nicholas Runolfsdottir V', 'Kurtis Weissnat', 'Mrs. Dennis Schulist', 'Chelsey Dietrich', 'Patricia Lebsack', 'Clementine Bauch', 'Ervin Howell', 'Leanne Graham', 'Ivory Konopelski', 'Willa Padberg', 'Tyree Ziemann', 'Berniece Thompson', 'Orville Lind', 'Amaya Lang', 'Earline Becker', 'Carmela Schultz', 'Mateo Feest', 'Gregoria Grimes', 'Matilda Turner']</status>
</test>
<status status="FAIL" start="2024-10-22T20:59:16.650893" elapsed="170.493139"/>
</suite>
<status status="FAIL" start="2024-10-22T20:59:16.650893" elapsed="170.495141"/>
</suite>
<status status="FAIL" start="2024-10-22T20:59:16.613132" elapsed="170.533900"/>
</suite>
<statistics>
<total>
<stat pass="1" fail="1" skip="0">All Tests</stat>
</total>
<tag>
</tag>
<suite>
<stat pass="1" fail="1" skip="0" id="s1" name="Qa Cldelacruz">Qa Cldelacruz</stat>
<stat pass="1" fail="1" skip="0" id="s1-s1" name="Tests">Qa Cldelacruz.Tests</stat>
<stat pass="1" fail="1" skip="0" id="s1-s1-s1" name="Test">Qa Cldelacruz.Tests.Test</stat>
</suite>
</statistics>
<errors>
<msg time="2024-10-22T20:59:17.551526" level="WARN">Imported resource file 'C:\development\python\qa_cldelacruz\Resources\SampleResource.resource' is empty.</msg>
</errors>
</robot>
